C:\USERS\MIKE\DOCUMENTS\GITHUB\VINTAGE-RPG\DEBUG\RPG.EXE
C:\USERS\MIKE\DOCUMENTS\GITHUB\VINTAGE-RPG\DEBUG\RPG.ILK
C:\USERS\MIKE\DOCUMENTS\GITHUB\VINTAGE-RPG\DEBUG\RPG.PDB
C:\USERS\MIKE\DOCUMENTS\GITHUB\VINTAGE-RPG\VINTAGE-RPG\DEBUG\ANIMATION.OBJ
C:\USERS\MIKE\DOCUMENTS\GITHUB\VINTAGE-RPG\VINTAGE-RPG\DEBUG\AREAMAP.OBJ
C:\USERS\MIKE\DOCUMENTS\GITHUB\VINTAGE-RPG\VINTAGE-RPG\DEBUG\BATTLEACTION.OBJ
C:\USERS\MIKE\DOCUMENTS\GITHUB\VINTAGE-RPG\VINTAGE-RPG\DEBUG\BATTLEMANAGER.OBJ
C:\USERS\MIKE\DOCUMENTS\GITHUB\VINTAGE-RPG\VINTAGE-RPG\DEBUG\BATTLEMAP.OBJ
C:\USERS\MIKE\DOCUMENTS\GITHUB\VINTAGE-RPG\VINTAGE-RPG\DEBUG\CHARACTER.OBJ
C:\USERS\MIKE\DOCUMENTS\GITHUB\VINTAGE-RPG\VINTAGE-RPG\DEBUG\CHARACTERATTACK.OBJ
C:\USERS\MIKE\DOCUMENTS\GITHUB\VINTAGE-RPG\VINTAGE-RPG\DEBUG\CHARACTERLIST.OBJ
C:\USERS\MIKE\DOCUMENTS\GITHUB\VINTAGE-RPG\VINTAGE-RPG\DEBUG\CHARACTERMANIPULATION.OBJ
C:\USERS\MIKE\DOCUMENTS\GITHUB\VINTAGE-RPG\VINTAGE-RPG\DEBUG\CHARACTERMANIPULATIONSTORE.OBJ
C:\USERS\MIKE\DOCUMENTS\GITHUB\VINTAGE-RPG\VINTAGE-RPG\DEBUG\CHARFACTORY.OBJ
C:\USERS\MIKE\DOCUMENTS\GITHUB\VINTAGE-RPG\VINTAGE-RPG\DEBUG\CHARSTATS.OBJ
C:\Users\Mike\Documents\GitHub\Vintage-RPG\Vintage-RPG\Debug\cl.command.1.tlog
C:\Users\Mike\Documents\GitHub\Vintage-RPG\Vintage-RPG\Debug\CL.read.1.tlog
C:\Users\Mike\Documents\GitHub\Vintage-RPG\Vintage-RPG\Debug\CL.write.1.tlog
C:\USERS\MIKE\DOCUMENTS\GITHUB\VINTAGE-RPG\VINTAGE-RPG\DEBUG\COLLISION.OBJ
C:\USERS\MIKE\DOCUMENTS\GITHUB\VINTAGE-RPG\VINTAGE-RPG\DEBUG\CONTROLS.OBJ
C:\USERS\MIKE\DOCUMENTS\GITHUB\VINTAGE-RPG\VINTAGE-RPG\DEBUG\CURSOR.OBJ
C:\USERS\MIKE\DOCUMENTS\GITHUB\VINTAGE-RPG\VINTAGE-RPG\DEBUG\CUTSCENE.OBJ
C:\USERS\MIKE\DOCUMENTS\GITHUB\VINTAGE-RPG\VINTAGE-RPG\DEBUG\DRAW.OBJ
C:\USERS\MIKE\DOCUMENTS\GITHUB\VINTAGE-RPG\VINTAGE-RPG\DEBUG\DRAWRESPOSITORY.OBJ
C:\USERS\MIKE\DOCUMENTS\GITHUB\VINTAGE-RPG\VINTAGE-RPG\DEBUG\FONTSTORE.OBJ
C:\Users\Mike\Documents\GitHub\Vintage-RPG\Vintage-RPG\Debug\GameData.obj
C:\USERS\MIKE\DOCUMENTS\GITHUB\VINTAGE-RPG\VINTAGE-RPG\DEBUG\GAMEMANAGER.OBJ
C:\USERS\MIKE\DOCUMENTS\GITHUB\VINTAGE-RPG\VINTAGE-RPG\DEBUG\GENERATEACTION.OBJ
C:\USERS\MIKE\DOCUMENTS\GITHUB\VINTAGE-RPG\VINTAGE-RPG\DEBUG\IMAGESTORE.OBJ
C:\USERS\MIKE\DOCUMENTS\GITHUB\VINTAGE-RPG\VINTAGE-RPG\DEBUG\INITENEMIES.OBJ
C:\USERS\MIKE\DOCUMENTS\GITHUB\VINTAGE-RPG\VINTAGE-RPG\DEBUG\LAYER.OBJ
C:\Users\Mike\Documents\GitHub\Vintage-RPG\Vintage-RPG\Debug\link.command.1.tlog
C:\Users\Mike\Documents\GitHub\Vintage-RPG\Vintage-RPG\Debug\link.read.1.tlog
C:\Users\Mike\Documents\GitHub\Vintage-RPG\Vintage-RPG\Debug\link.write.1.tlog
C:\USERS\MIKE\DOCUMENTS\GITHUB\VINTAGE-RPG\VINTAGE-RPG\DEBUG\MAIN.OBJ
C:\USERS\MIKE\DOCUMENTS\GITHUB\VINTAGE-RPG\VINTAGE-RPG\DEBUG\MAP.OBJ
C:\Users\Mike\Documents\GitHub\Vintage-RPG\Vintage-RPG\Debug\mappy_A5.obj
C:\USERS\MIKE\DOCUMENTS\GITHUB\VINTAGE-RPG\VINTAGE-RPG\DEBUG\MENU.OBJ
C:\USERS\MIKE\DOCUMENTS\GITHUB\VINTAGE-RPG\VINTAGE-RPG\DEBUG\MOVEMENT.OBJ
C:\USERS\MIKE\DOCUMENTS\GITHUB\VINTAGE-RPG\VINTAGE-RPG\DEBUG\MOVINGIMAGE.OBJ
C:\USERS\MIKE\DOCUMENTS\GITHUB\VINTAGE-RPG\VINTAGE-RPG\DEBUG\MOVINGTEXT.OBJ
C:\Users\Mike\Documents\GitHub\Vintage-RPG\Vintage-RPG\Debug\mt.command.1.tlog
C:\Users\Mike\Documents\GitHub\Vintage-RPG\Vintage-RPG\Debug\mt.read.1.tlog
C:\Users\Mike\Documents\GitHub\Vintage-RPG\Vintage-RPG\Debug\mt.write.1.tlog
C:\USERS\MIKE\DOCUMENTS\GITHUB\VINTAGE-RPG\VINTAGE-RPG\DEBUG\RPG.EXE.INTERMEDIATE.MANIFEST
C:\Users\Mike\Documents\GitHub\Vintage-RPG\Vintage-RPG\Debug\RPG.write.1.tlog
C:\USERS\MIKE\DOCUMENTS\GITHUB\VINTAGE-RPG\VINTAGE-RPG\DEBUG\SCENERY.OBJ
C:\USERS\MIKE\DOCUMENTS\GITHUB\VINTAGE-RPG\VINTAGE-RPG\DEBUG\STATS.OBJ
C:\USERS\MIKE\DOCUMENTS\GITHUB\VINTAGE-RPG\VINTAGE-RPG\DEBUG\TANGIBLE.OBJ
C:\USERS\MIKE\DOCUMENTS\GITHUB\VINTAGE-RPG\VINTAGE-RPG\DEBUG\TEXTBOX.OBJ
C:\USERS\MIKE\DOCUMENTS\GITHUB\VINTAGE-RPG\VINTAGE-RPG\DEBUG\TRANSFERANIMATIONS.OBJ
C:\Users\Mike\Documents\GitHub\Vintage-RPG\Vintage-RPG\Debug\Trying Allegro.exe.intermediate.manifest
C:\Users\Mike\Documents\GitHub\Vintage-RPG\Vintage-RPG\Debug\Trying Allegro.vcxprojResolveAssemblyReference.cache
C:\Users\Mike\Documents\GitHub\Vintage-RPG\Vintage-RPG\Debug\Trying Allegro.write.1.tlog
C:\Users\Mike\Documents\GitHub\Vintage-RPG\Vintage-RPG\Debug\vc100.idb
C:\USERS\MIKE\DOCUMENTS\GITHUB\VINTAGE-RPG\VINTAGE-RPG\DEBUG\VC100.PDB
C:\Users\Mike\Documents\GitHub\Vintage-RPG\Vintage-RPG\Debug\Vintage-RPG.vcxprojResolveAssemblyReference.cache
C:\USERS\MIKE\DOCUMENTS\VISUAL STUDIO 2010\PROJECTS\RPG V1.1\DEBUG\RPG.EXE
C:\USERS\MIKE\DOCUMENTS\VISUAL STUDIO 2010\PROJECTS\RPG V1.1\DEBUG\RPG.ILK
C:\USERS\MIKE\DOCUMENTS\VISUAL STUDIO 2010\PROJECTS\RPG V1.1\DEBUG\RPG.PDB
C:\USERS\MIKE\DOCUMENTS\VISUAL STUDIO 2010\PROJECTS\RPG V1.1\TRYING ALLEGRO\DEBUG\CHARACTER.OBJ
C:\USERS\MIKE\DOCUMENTS\VISUAL STUDIO 2010\PROJECTS\RPG V1.1\TRYING ALLEGRO\DEBUG\CONTROLS.OBJ
C:\USERS\MIKE\DOCUMENTS\VISUAL STUDIO 2010\PROJECTS\RPG V1.1\TRYING ALLEGRO\DEBUG\MAIN.OBJ
C:\USERS\MIKE\DOCUMENTS\VISUAL STUDIO 2010\PROJECTS\RPG V1.1\TRYING ALLEGRO\DEBUG\RPG.EXE.INTERMEDIATE.MANIFEST
C:\USERS\MIKE\DOCUMENTS\VISUAL STUDIO 2010\PROJECTS\RPG V1.1\TRYING ALLEGRO\DEBUG\VC100.PDB
C:\USERS\MIKE\DOCUMENTS\VISUAL STUDIO 2010\PROJECTS\RPG V1.10\DEBUG\RPG.EXE
C:\USERS\MIKE\DOCUMENTS\VISUAL STUDIO 2010\PROJECTS\RPG V1.10\DEBUG\RPG.ILK
C:\USERS\MIKE\DOCUMENTS\VISUAL STUDIO 2010\PROJECTS\RPG V1.10\DEBUG\RPG.PDB
C:\USERS\MIKE\DOCUMENTS\VISUAL STUDIO 2010\PROJECTS\RPG V1.10\TRYING ALLEGRO\DEBUG\AREAMAP.OBJ
C:\USERS\MIKE\DOCUMENTS\VISUAL STUDIO 2010\PROJECTS\RPG V1.10\TRYING ALLEGRO\DEBUG\CHARACTER.OBJ
C:\USERS\MIKE\DOCUMENTS\VISUAL STUDIO 2010\PROJECTS\RPG V1.10\TRYING ALLEGRO\DEBUG\COLLISION.OBJ
C:\USERS\MIKE\DOCUMENTS\VISUAL STUDIO 2010\PROJECTS\RPG V1.10\TRYING ALLEGRO\DEBUG\CONTROLS.OBJ
C:\USERS\MIKE\DOCUMENTS\VISUAL STUDIO 2010\PROJECTS\RPG V1.10\TRYING ALLEGRO\DEBUG\DRAW.OBJ
C:\USERS\MIKE\DOCUMENTS\VISUAL STUDIO 2010\PROJECTS\RPG V1.10\TRYING ALLEGRO\DEBUG\LAYER.OBJ
C:\USERS\MIKE\DOCUMENTS\VISUAL STUDIO 2010\PROJECTS\RPG V1.10\TRYING ALLEGRO\DEBUG\MAIN.OBJ
C:\USERS\MIKE\DOCUMENTS\VISUAL STUDIO 2010\PROJECTS\RPG V1.10\TRYING ALLEGRO\DEBUG\MOVEMENT.OBJ
C:\USERS\MIKE\DOCUMENTS\VISUAL STUDIO 2010\PROJECTS\RPG V1.10\TRYING ALLEGRO\DEBUG\RPG.EXE.INTERMEDIATE.MANIFEST
C:\USERS\MIKE\DOCUMENTS\VISUAL STUDIO 2010\PROJECTS\RPG V1.10\TRYING ALLEGRO\DEBUG\SCENERY.OBJ
C:\USERS\MIKE\DOCUMENTS\VISUAL STUDIO 2010\PROJECTS\RPG V1.10\TRYING ALLEGRO\DEBUG\TANGIBLE.OBJ
C:\USERS\MIKE\DOCUMENTS\VISUAL STUDIO 2010\PROJECTS\RPG V1.10\TRYING ALLEGRO\DEBUG\VC100.PDB
C:\USERS\MIKE\DOCUMENTS\VISUAL STUDIO 2010\PROJECTS\RPG V1.11\DEBUG\RPG.EXE
C:\USERS\MIKE\DOCUMENTS\VISUAL STUDIO 2010\PROJECTS\RPG V1.11\DEBUG\RPG.ILK
C:\USERS\MIKE\DOCUMENTS\VISUAL STUDIO 2010\PROJECTS\RPG V1.11\DEBUG\RPG.PDB
C:\USERS\MIKE\DOCUMENTS\VISUAL STUDIO 2010\PROJECTS\RPG V1.11\TRYING ALLEGRO\DEBUG\ANIMATION.OBJ
C:\USERS\MIKE\DOCUMENTS\VISUAL STUDIO 2010\PROJECTS\RPG V1.11\TRYING ALLEGRO\DEBUG\AREAMAP.OBJ
C:\USERS\MIKE\DOCUMENTS\VISUAL STUDIO 2010\PROJECTS\RPG V1.11\TRYING ALLEGRO\DEBUG\BATTLEMAP.OBJ
C:\USERS\MIKE\DOCUMENTS\VISUAL STUDIO 2010\PROJECTS\RPG V1.11\TRYING ALLEGRO\DEBUG\CHARACTER.OBJ
C:\USERS\MIKE\DOCUMENTS\VISUAL STUDIO 2010\PROJECTS\RPG V1.11\TRYING ALLEGRO\DEBUG\COLLISION.OBJ
C:\USERS\MIKE\DOCUMENTS\VISUAL STUDIO 2010\PROJECTS\RPG V1.11\TRYING ALLEGRO\DEBUG\CONTROLS.OBJ
C:\USERS\MIKE\DOCUMENTS\VISUAL STUDIO 2010\PROJECTS\RPG V1.11\TRYING ALLEGRO\DEBUG\CUTSCENE.OBJ
C:\USERS\MIKE\DOCUMENTS\VISUAL STUDIO 2010\PROJECTS\RPG V1.11\TRYING ALLEGRO\DEBUG\DRAW.OBJ
C:\USERS\MIKE\DOCUMENTS\VISUAL STUDIO 2010\PROJECTS\RPG V1.11\TRYING ALLEGRO\DEBUG\LAYER.OBJ
C:\USERS\MIKE\DOCUMENTS\VISUAL STUDIO 2010\PROJECTS\RPG V1.11\TRYING ALLEGRO\DEBUG\MAIN.OBJ
C:\USERS\MIKE\DOCUMENTS\VISUAL STUDIO 2010\PROJECTS\RPG V1.11\TRYING ALLEGRO\DEBUG\MAP.OBJ
C:\USERS\MIKE\DOCUMENTS\VISUAL STUDIO 2010\PROJECTS\RPG V1.11\TRYING ALLEGRO\DEBUG\MOVEMENT.OBJ
C:\USERS\MIKE\DOCUMENTS\VISUAL STUDIO 2010\PROJECTS\RPG V1.11\TRYING ALLEGRO\DEBUG\MOVINGIMAGE.OBJ
C:\USERS\MIKE\DOCUMENTS\VISUAL STUDIO 2010\PROJECTS\RPG V1.11\TRYING ALLEGRO\DEBUG\MOVINGTEXT.OBJ
C:\USERS\MIKE\DOCUMENTS\VISUAL STUDIO 2010\PROJECTS\RPG V1.11\TRYING ALLEGRO\DEBUG\RPG.EXE.INTERMEDIATE.MANIFEST
C:\USERS\MIKE\DOCUMENTS\VISUAL STUDIO 2010\PROJECTS\RPG V1.11\TRYING ALLEGRO\DEBUG\SCENERY.OBJ
C:\USERS\MIKE\DOCUMENTS\VISUAL STUDIO 2010\PROJECTS\RPG V1.11\TRYING ALLEGRO\DEBUG\TANGIBLE.OBJ
C:\USERS\MIKE\DOCUMENTS\VISUAL STUDIO 2010\PROJECTS\RPG V1.11\TRYING ALLEGRO\DEBUG\TEXTBOX.OBJ
C:\USERS\MIKE\DOCUMENTS\VISUAL STUDIO 2010\PROJECTS\RPG V1.11\TRYING ALLEGRO\DEBUG\VC100.PDB
C:\USERS\MIKE\DOCUMENTS\VISUAL STUDIO 2010\PROJECTS\RPG V1.12\DEBUG\RPG.EXE
C:\USERS\MIKE\DOCUMENTS\VISUAL STUDIO 2010\PROJECTS\RPG V1.12\DEBUG\RPG.ILK
C:\USERS\MIKE\DOCUMENTS\VISUAL STUDIO 2010\PROJECTS\RPG V1.12\DEBUG\RPG.PDB
C:\USERS\MIKE\DOCUMENTS\VISUAL STUDIO 2010\PROJECTS\RPG V1.12\TRYING ALLEGRO\DEBUG\ANIMATION.OBJ
C:\USERS\MIKE\DOCUMENTS\VISUAL STUDIO 2010\PROJECTS\RPG V1.12\TRYING ALLEGRO\DEBUG\AREAMAP.OBJ
C:\USERS\MIKE\DOCUMENTS\VISUAL STUDIO 2010\PROJECTS\RPG V1.12\TRYING ALLEGRO\DEBUG\BATTLEMAP.OBJ
C:\USERS\MIKE\DOCUMENTS\VISUAL STUDIO 2010\PROJECTS\RPG V1.12\TRYING ALLEGRO\DEBUG\CHARACTER.OBJ
C:\USERS\MIKE\DOCUMENTS\VISUAL STUDIO 2010\PROJECTS\RPG V1.12\TRYING ALLEGRO\DEBUG\CHARFACTORY.OBJ
C:\USERS\MIKE\DOCUMENTS\VISUAL STUDIO 2010\PROJECTS\RPG V1.12\TRYING ALLEGRO\DEBUG\CHARSTATS.OBJ
C:\USERS\MIKE\DOCUMENTS\VISUAL STUDIO 2010\PROJECTS\RPG V1.12\TRYING ALLEGRO\DEBUG\COLLISION.OBJ
C:\USERS\MIKE\DOCUMENTS\VISUAL STUDIO 2010\PROJECTS\RPG V1.12\TRYING ALLEGRO\DEBUG\CONTROLS.OBJ
C:\USERS\MIKE\DOCUMENTS\VISUAL STUDIO 2010\PROJECTS\RPG V1.12\TRYING ALLEGRO\DEBUG\CUTSCENE.OBJ
C:\USERS\MIKE\DOCUMENTS\VISUAL STUDIO 2010\PROJECTS\RPG V1.12\TRYING ALLEGRO\DEBUG\DRAW.OBJ
C:\USERS\MIKE\DOCUMENTS\VISUAL STUDIO 2010\PROJECTS\RPG V1.12\TRYING ALLEGRO\DEBUG\INITENEMIES.OBJ
C:\USERS\MIKE\DOCUMENTS\VISUAL STUDIO 2010\PROJECTS\RPG V1.12\TRYING ALLEGRO\DEBUG\LAYER.OBJ
C:\USERS\MIKE\DOCUMENTS\VISUAL STUDIO 2010\PROJECTS\RPG V1.12\TRYING ALLEGRO\DEBUG\MAIN.OBJ
C:\USERS\MIKE\DOCUMENTS\VISUAL STUDIO 2010\PROJECTS\RPG V1.12\TRYING ALLEGRO\DEBUG\MAP.OBJ
C:\USERS\MIKE\DOCUMENTS\VISUAL STUDIO 2010\PROJECTS\RPG V1.12\TRYING ALLEGRO\DEBUG\MOVEMENT.OBJ
C:\USERS\MIKE\DOCUMENTS\VISUAL STUDIO 2010\PROJECTS\RPG V1.12\TRYING ALLEGRO\DEBUG\MOVINGIMAGE.OBJ
C:\USERS\MIKE\DOCUMENTS\VISUAL STUDIO 2010\PROJECTS\RPG V1.12\TRYING ALLEGRO\DEBUG\MOVINGTEXT.OBJ
C:\USERS\MIKE\DOCUMENTS\VISUAL STUDIO 2010\PROJECTS\RPG V1.12\TRYING ALLEGRO\DEBUG\RPG.EXE.INTERMEDIATE.MANIFEST
C:\USERS\MIKE\DOCUMENTS\VISUAL STUDIO 2010\PROJECTS\RPG V1.12\TRYING ALLEGRO\DEBUG\SCENERY.OBJ
C:\USERS\MIKE\DOCUMENTS\VISUAL STUDIO 2010\PROJECTS\RPG V1.12\TRYING ALLEGRO\DEBUG\STATS.OBJ
C:\USERS\MIKE\DOCUMENTS\VISUAL STUDIO 2010\PROJECTS\RPG V1.12\TRYING ALLEGRO\DEBUG\TANGIBLE.OBJ
C:\USERS\MIKE\DOCUMENTS\VISUAL STUDIO 2010\PROJECTS\RPG V1.12\TRYING ALLEGRO\DEBUG\TEXTBOX.OBJ
C:\USERS\MIKE\DOCUMENTS\VISUAL STUDIO 2010\PROJECTS\RPG V1.12\TRYING ALLEGRO\DEBUG\VC100.PDB
C:\USERS\MIKE\DOCUMENTS\VISUAL STUDIO 2010\PROJECTS\RPG V1.13\DEBUG\RPG.EXE
C:\USERS\MIKE\DOCUMENTS\VISUAL STUDIO 2010\PROJECTS\RPG V1.13\DEBUG\RPG.ILK
C:\USERS\MIKE\DOCUMENTS\VISUAL STUDIO 2010\PROJECTS\RPG V1.13\DEBUG\RPG.PDB
C:\USERS\MIKE\DOCUMENTS\VISUAL STUDIO 2010\PROJECTS\RPG V1.13\TRYING ALLEGRO\DEBUG\ANIMATION.OBJ
C:\USERS\MIKE\DOCUMENTS\VISUAL STUDIO 2010\PROJECTS\RPG V1.13\TRYING ALLEGRO\DEBUG\AREAMAP.OBJ
C:\USERS\MIKE\DOCUMENTS\VISUAL STUDIO 2010\PROJECTS\RPG V1.13\TRYING ALLEGRO\DEBUG\BATTLEMAP.OBJ
C:\USERS\MIKE\DOCUMENTS\VISUAL STUDIO 2010\PROJECTS\RPG V1.13\TRYING ALLEGRO\DEBUG\CHARACTER.OBJ
C:\USERS\MIKE\DOCUMENTS\VISUAL STUDIO 2010\PROJECTS\RPG V1.13\TRYING ALLEGRO\DEBUG\CHARFACTORY.OBJ
C:\USERS\MIKE\DOCUMENTS\VISUAL STUDIO 2010\PROJECTS\RPG V1.13\TRYING ALLEGRO\DEBUG\CHARSTATS.OBJ
C:\USERS\MIKE\DOCUMENTS\VISUAL STUDIO 2010\PROJECTS\RPG V1.13\TRYING ALLEGRO\DEBUG\COLLISION.OBJ
C:\USERS\MIKE\DOCUMENTS\VISUAL STUDIO 2010\PROJECTS\RPG V1.13\TRYING ALLEGRO\DEBUG\CONTROLS.OBJ
C:\USERS\MIKE\DOCUMENTS\VISUAL STUDIO 2010\PROJECTS\RPG V1.13\TRYING ALLEGRO\DEBUG\CUTSCENE.OBJ
C:\USERS\MIKE\DOCUMENTS\VISUAL STUDIO 2010\PROJECTS\RPG V1.13\TRYING ALLEGRO\DEBUG\DRAW.OBJ
C:\USERS\MIKE\DOCUMENTS\VISUAL STUDIO 2010\PROJECTS\RPG V1.13\TRYING ALLEGRO\DEBUG\GAMEDATA.OBJ
C:\USERS\MIKE\DOCUMENTS\VISUAL STUDIO 2010\PROJECTS\RPG V1.13\TRYING ALLEGRO\DEBUG\GAMEMANAGER.OBJ
C:\USERS\MIKE\DOCUMENTS\VISUAL STUDIO 2010\PROJECTS\RPG V1.13\TRYING ALLEGRO\DEBUG\INITENEMIES.OBJ
C:\USERS\MIKE\DOCUMENTS\VISUAL STUDIO 2010\PROJECTS\RPG V1.13\TRYING ALLEGRO\DEBUG\LAYER.OBJ
C:\USERS\MIKE\DOCUMENTS\VISUAL STUDIO 2010\PROJECTS\RPG V1.13\TRYING ALLEGRO\DEBUG\MAIN.OBJ
C:\USERS\MIKE\DOCUMENTS\VISUAL STUDIO 2010\PROJECTS\RPG V1.13\TRYING ALLEGRO\DEBUG\MAP.OBJ
C:\USERS\MIKE\DOCUMENTS\VISUAL STUDIO 2010\PROJECTS\RPG V1.13\TRYING ALLEGRO\DEBUG\MOVEMENT.OBJ
C:\USERS\MIKE\DOCUMENTS\VISUAL STUDIO 2010\PROJECTS\RPG V1.13\TRYING ALLEGRO\DEBUG\MOVINGIMAGE.OBJ
C:\USERS\MIKE\DOCUMENTS\VISUAL STUDIO 2010\PROJECTS\RPG V1.13\TRYING ALLEGRO\DEBUG\MOVINGTEXT.OBJ
C:\USERS\MIKE\DOCUMENTS\VISUAL STUDIO 2010\PROJECTS\RPG V1.13\TRYING ALLEGRO\DEBUG\RPG.EXE.INTERMEDIATE.MANIFEST
C:\USERS\MIKE\DOCUMENTS\VISUAL STUDIO 2010\PROJECTS\RPG V1.13\TRYING ALLEGRO\DEBUG\SCENERY.OBJ
C:\USERS\MIKE\DOCUMENTS\VISUAL STUDIO 2010\PROJECTS\RPG V1.13\TRYING ALLEGRO\DEBUG\STATS.OBJ
C:\USERS\MIKE\DOCUMENTS\VISUAL STUDIO 2010\PROJECTS\RPG V1.13\TRYING ALLEGRO\DEBUG\TANGIBLE.OBJ
C:\USERS\MIKE\DOCUMENTS\VISUAL STUDIO 2010\PROJECTS\RPG V1.13\TRYING ALLEGRO\DEBUG\TEXTBOX.OBJ
C:\USERS\MIKE\DOCUMENTS\VISUAL STUDIO 2010\PROJECTS\RPG V1.13\TRYING ALLEGRO\DEBUG\VC100.PDB
C:\USERS\MIKE\DOCUMENTS\VISUAL STUDIO 2010\PROJECTS\RPG V1.14\DEBUG\RPG.EXE
C:\USERS\MIKE\DOCUMENTS\VISUAL STUDIO 2010\PROJECTS\RPG V1.14\DEBUG\RPG.ILK
C:\USERS\MIKE\DOCUMENTS\VISUAL STUDIO 2010\PROJECTS\RPG V1.14\DEBUG\RPG.PDB
C:\USERS\MIKE\DOCUMENTS\VISUAL STUDIO 2010\PROJECTS\RPG V1.14\TRYING ALLEGRO\DEBUG\ANIMATION.OBJ
C:\USERS\MIKE\DOCUMENTS\VISUAL STUDIO 2010\PROJECTS\RPG V1.14\TRYING ALLEGRO\DEBUG\AREAMAP.OBJ
C:\USERS\MIKE\DOCUMENTS\VISUAL STUDIO 2010\PROJECTS\RPG V1.14\TRYING ALLEGRO\DEBUG\BATTLEMAP.OBJ
C:\USERS\MIKE\DOCUMENTS\VISUAL STUDIO 2010\PROJECTS\RPG V1.14\TRYING ALLEGRO\DEBUG\CHARACTER.OBJ
C:\USERS\MIKE\DOCUMENTS\VISUAL STUDIO 2010\PROJECTS\RPG V1.14\TRYING ALLEGRO\DEBUG\CHARFACTORY.OBJ
C:\USERS\MIKE\DOCUMENTS\VISUAL STUDIO 2010\PROJECTS\RPG V1.14\TRYING ALLEGRO\DEBUG\CHARSTATS.OBJ
C:\USERS\MIKE\DOCUMENTS\VISUAL STUDIO 2010\PROJECTS\RPG V1.14\TRYING ALLEGRO\DEBUG\COLLISION.OBJ
C:\USERS\MIKE\DOCUMENTS\VISUAL STUDIO 2010\PROJECTS\RPG V1.14\TRYING ALLEGRO\DEBUG\CONTROLS.OBJ
C:\USERS\MIKE\DOCUMENTS\VISUAL STUDIO 2010\PROJECTS\RPG V1.14\TRYING ALLEGRO\DEBUG\CUTSCENE.OBJ
C:\USERS\MIKE\DOCUMENTS\VISUAL STUDIO 2010\PROJECTS\RPG V1.14\TRYING ALLEGRO\DEBUG\DRAW.OBJ
C:\USERS\MIKE\DOCUMENTS\VISUAL STUDIO 2010\PROJECTS\RPG V1.14\TRYING ALLEGRO\DEBUG\GAMEMANAGER.OBJ
C:\USERS\MIKE\DOCUMENTS\VISUAL STUDIO 2010\PROJECTS\RPG V1.14\TRYING ALLEGRO\DEBUG\INITENEMIES.OBJ
C:\USERS\MIKE\DOCUMENTS\VISUAL STUDIO 2010\PROJECTS\RPG V1.14\TRYING ALLEGRO\DEBUG\LAYER.OBJ
C:\USERS\MIKE\DOCUMENTS\VISUAL STUDIO 2010\PROJECTS\RPG V1.14\TRYING ALLEGRO\DEBUG\MAIN.OBJ
C:\USERS\MIKE\DOCUMENTS\VISUAL STUDIO 2010\PROJECTS\RPG V1.14\TRYING ALLEGRO\DEBUG\MAP.OBJ
C:\USERS\MIKE\DOCUMENTS\VISUAL STUDIO 2010\PROJECTS\RPG V1.14\TRYING ALLEGRO\DEBUG\MOVEMENT.OBJ
C:\USERS\MIKE\DOCUMENTS\VISUAL STUDIO 2010\PROJECTS\RPG V1.14\TRYING ALLEGRO\DEBUG\MOVINGIMAGE.OBJ
C:\USERS\MIKE\DOCUMENTS\VISUAL STUDIO 2010\PROJECTS\RPG V1.14\TRYING ALLEGRO\DEBUG\MOVINGTEXT.OBJ
C:\USERS\MIKE\DOCUMENTS\VISUAL STUDIO 2010\PROJECTS\RPG V1.14\TRYING ALLEGRO\DEBUG\RPG.EXE.INTERMEDIATE.MANIFEST
C:\USERS\MIKE\DOCUMENTS\VISUAL STUDIO 2010\PROJECTS\RPG V1.14\TRYING ALLEGRO\DEBUG\SCENERY.OBJ
C:\USERS\MIKE\DOCUMENTS\VISUAL STUDIO 2010\PROJECTS\RPG V1.14\TRYING ALLEGRO\DEBUG\STATS.OBJ
C:\USERS\MIKE\DOCUMENTS\VISUAL STUDIO 2010\PROJECTS\RPG V1.14\TRYING ALLEGRO\DEBUG\TANGIBLE.OBJ
C:\USERS\MIKE\DOCUMENTS\VISUAL STUDIO 2010\PROJECTS\RPG V1.14\TRYING ALLEGRO\DEBUG\TEXTBOX.OBJ
C:\USERS\MIKE\DOCUMENTS\VISUAL STUDIO 2010\PROJECTS\RPG V1.14\TRYING ALLEGRO\DEBUG\VC100.PDB
C:\USERS\MIKE\DOCUMENTS\VISUAL STUDIO 2010\PROJECTS\RPG V1.15\DEBUG\RPG.EXE
C:\USERS\MIKE\DOCUMENTS\VISUAL STUDIO 2010\PROJECTS\RPG V1.15\DEBUG\RPG.ILK
C:\USERS\MIKE\DOCUMENTS\VISUAL STUDIO 2010\PROJECTS\RPG V1.15\DEBUG\RPG.PDB
C:\USERS\MIKE\DOCUMENTS\VISUAL STUDIO 2010\PROJECTS\RPG V1.15\TRYING ALLEGRO\DEBUG\ANIMATION.OBJ
C:\USERS\MIKE\DOCUMENTS\VISUAL STUDIO 2010\PROJECTS\RPG V1.15\TRYING ALLEGRO\DEBUG\AREAMAP.OBJ
C:\USERS\MIKE\DOCUMENTS\VISUAL STUDIO 2010\PROJECTS\RPG V1.15\TRYING ALLEGRO\DEBUG\BATTLEMAP.OBJ
C:\USERS\MIKE\DOCUMENTS\VISUAL STUDIO 2010\PROJECTS\RPG V1.15\TRYING ALLEGRO\DEBUG\CHARACTER.OBJ
C:\USERS\MIKE\DOCUMENTS\VISUAL STUDIO 2010\PROJECTS\RPG V1.15\TRYING ALLEGRO\DEBUG\CHARFACTORY.OBJ
C:\USERS\MIKE\DOCUMENTS\VISUAL STUDIO 2010\PROJECTS\RPG V1.15\TRYING ALLEGRO\DEBUG\CHARSTATS.OBJ
C:\USERS\MIKE\DOCUMENTS\VISUAL STUDIO 2010\PROJECTS\RPG V1.15\TRYING ALLEGRO\DEBUG\COLLISION.OBJ
C:\USERS\MIKE\DOCUMENTS\VISUAL STUDIO 2010\PROJECTS\RPG V1.15\TRYING ALLEGRO\DEBUG\CONTROLS.OBJ
C:\USERS\MIKE\DOCUMENTS\VISUAL STUDIO 2010\PROJECTS\RPG V1.15\TRYING ALLEGRO\DEBUG\CUTSCENE.OBJ
C:\USERS\MIKE\DOCUMENTS\VISUAL STUDIO 2010\PROJECTS\RPG V1.15\TRYING ALLEGRO\DEBUG\DRAW.OBJ
C:\USERS\MIKE\DOCUMENTS\VISUAL STUDIO 2010\PROJECTS\RPG V1.15\TRYING ALLEGRO\DEBUG\GAMEMANAGER.OBJ
C:\USERS\MIKE\DOCUMENTS\VISUAL STUDIO 2010\PROJECTS\RPG V1.15\TRYING ALLEGRO\DEBUG\INITENEMIES.OBJ
C:\USERS\MIKE\DOCUMENTS\VISUAL STUDIO 2010\PROJECTS\RPG V1.15\TRYING ALLEGRO\DEBUG\LAYER.OBJ
C:\USERS\MIKE\DOCUMENTS\VISUAL STUDIO 2010\PROJECTS\RPG V1.15\TRYING ALLEGRO\DEBUG\MAIN.OBJ
C:\USERS\MIKE\DOCUMENTS\VISUAL STUDIO 2010\PROJECTS\RPG V1.15\TRYING ALLEGRO\DEBUG\MAP.OBJ
C:\USERS\MIKE\DOCUMENTS\VISUAL STUDIO 2010\PROJECTS\RPG V1.15\TRYING ALLEGRO\DEBUG\MENU.OBJ
C:\USERS\MIKE\DOCUMENTS\VISUAL STUDIO 2010\PROJECTS\RPG V1.15\TRYING ALLEGRO\DEBUG\MOVEMENT.OBJ
C:\USERS\MIKE\DOCUMENTS\VISUAL STUDIO 2010\PROJECTS\RPG V1.15\TRYING ALLEGRO\DEBUG\MOVINGIMAGE.OBJ
C:\USERS\MIKE\DOCUMENTS\VISUAL STUDIO 2010\PROJECTS\RPG V1.15\TRYING ALLEGRO\DEBUG\MOVINGTEXT.OBJ
C:\USERS\MIKE\DOCUMENTS\VISUAL STUDIO 2010\PROJECTS\RPG V1.15\TRYING ALLEGRO\DEBUG\RPG.EXE.INTERMEDIATE.MANIFEST
C:\USERS\MIKE\DOCUMENTS\VISUAL STUDIO 2010\PROJECTS\RPG V1.15\TRYING ALLEGRO\DEBUG\SCENERY.OBJ
C:\USERS\MIKE\DOCUMENTS\VISUAL STUDIO 2010\PROJECTS\RPG V1.15\TRYING ALLEGRO\DEBUG\STATS.OBJ
C:\USERS\MIKE\DOCUMENTS\VISUAL STUDIO 2010\PROJECTS\RPG V1.15\TRYING ALLEGRO\DEBUG\TANGIBLE.OBJ
C:\USERS\MIKE\DOCUMENTS\VISUAL STUDIO 2010\PROJECTS\RPG V1.15\TRYING ALLEGRO\DEBUG\TEXTBOX.OBJ
C:\USERS\MIKE\DOCUMENTS\VISUAL STUDIO 2010\PROJECTS\RPG V1.15\TRYING ALLEGRO\DEBUG\VC100.PDB
C:\USERS\MIKE\DOCUMENTS\VISUAL STUDIO 2010\PROJECTS\RPG V1.16\DEBUG\RPG.EXE
C:\USERS\MIKE\DOCUMENTS\VISUAL STUDIO 2010\PROJECTS\RPG V1.16\DEBUG\RPG.ILK
C:\USERS\MIKE\DOCUMENTS\VISUAL STUDIO 2010\PROJECTS\RPG V1.16\DEBUG\RPG.PDB
C:\USERS\MIKE\DOCUMENTS\VISUAL STUDIO 2010\PROJECTS\RPG V1.16\TRYING ALLEGRO\DEBUG\ANIMATION.OBJ
C:\USERS\MIKE\DOCUMENTS\VISUAL STUDIO 2010\PROJECTS\RPG V1.16\TRYING ALLEGRO\DEBUG\AREAMAP.OBJ
C:\USERS\MIKE\DOCUMENTS\VISUAL STUDIO 2010\PROJECTS\RPG V1.16\TRYING ALLEGRO\DEBUG\BATTLEMAP.OBJ
C:\USERS\MIKE\DOCUMENTS\VISUAL STUDIO 2010\PROJECTS\RPG V1.16\TRYING ALLEGRO\DEBUG\CHARACTER.OBJ
C:\USERS\MIKE\DOCUMENTS\VISUAL STUDIO 2010\PROJECTS\RPG V1.16\TRYING ALLEGRO\DEBUG\CHARFACTORY.OBJ
C:\USERS\MIKE\DOCUMENTS\VISUAL STUDIO 2010\PROJECTS\RPG V1.16\TRYING ALLEGRO\DEBUG\CHARSTATS.OBJ
C:\USERS\MIKE\DOCUMENTS\VISUAL STUDIO 2010\PROJECTS\RPG V1.16\TRYING ALLEGRO\DEBUG\COLLISION.OBJ
C:\USERS\MIKE\DOCUMENTS\VISUAL STUDIO 2010\PROJECTS\RPG V1.16\TRYING ALLEGRO\DEBUG\CONTROLS.OBJ
C:\USERS\MIKE\DOCUMENTS\VISUAL STUDIO 2010\PROJECTS\RPG V1.16\TRYING ALLEGRO\DEBUG\CUTSCENE.OBJ
C:\USERS\MIKE\DOCUMENTS\VISUAL STUDIO 2010\PROJECTS\RPG V1.16\TRYING ALLEGRO\DEBUG\DRAW.OBJ
C:\USERS\MIKE\DOCUMENTS\VISUAL STUDIO 2010\PROJECTS\RPG V1.16\TRYING ALLEGRO\DEBUG\GAMEMANAGER.OBJ
C:\USERS\MIKE\DOCUMENTS\VISUAL STUDIO 2010\PROJECTS\RPG V1.16\TRYING ALLEGRO\DEBUG\INITENEMIES.OBJ
C:\USERS\MIKE\DOCUMENTS\VISUAL STUDIO 2010\PROJECTS\RPG V1.16\TRYING ALLEGRO\DEBUG\LAYER.OBJ
C:\USERS\MIKE\DOCUMENTS\VISUAL STUDIO 2010\PROJECTS\RPG V1.16\TRYING ALLEGRO\DEBUG\MAIN.OBJ
C:\USERS\MIKE\DOCUMENTS\VISUAL STUDIO 2010\PROJECTS\RPG V1.16\TRYING ALLEGRO\DEBUG\MAP.OBJ
C:\USERS\MIKE\DOCUMENTS\VISUAL STUDIO 2010\PROJECTS\RPG V1.16\TRYING ALLEGRO\DEBUG\MENU.OBJ
C:\USERS\MIKE\DOCUMENTS\VISUAL STUDIO 2010\PROJECTS\RPG V1.16\TRYING ALLEGRO\DEBUG\MOVEMENT.OBJ
C:\USERS\MIKE\DOCUMENTS\VISUAL STUDIO 2010\PROJECTS\RPG V1.16\TRYING ALLEGRO\DEBUG\MOVINGIMAGE.OBJ
C:\USERS\MIKE\DOCUMENTS\VISUAL STUDIO 2010\PROJECTS\RPG V1.16\TRYING ALLEGRO\DEBUG\MOVINGTEXT.OBJ
C:\USERS\MIKE\DOCUMENTS\VISUAL STUDIO 2010\PROJECTS\RPG V1.16\TRYING ALLEGRO\DEBUG\RPG.EXE.INTERMEDIATE.MANIFEST
C:\USERS\MIKE\DOCUMENTS\VISUAL STUDIO 2010\PROJECTS\RPG V1.16\TRYING ALLEGRO\DEBUG\SCENERY.OBJ
C:\USERS\MIKE\DOCUMENTS\VISUAL STUDIO 2010\PROJECTS\RPG V1.16\TRYING ALLEGRO\DEBUG\STATS.OBJ
C:\USERS\MIKE\DOCUMENTS\VISUAL STUDIO 2010\PROJECTS\RPG V1.16\TRYING ALLEGRO\DEBUG\TANGIBLE.OBJ
C:\USERS\MIKE\DOCUMENTS\VISUAL STUDIO 2010\PROJECTS\RPG V1.16\TRYING ALLEGRO\DEBUG\TEXTBOX.OBJ
C:\USERS\MIKE\DOCUMENTS\VISUAL STUDIO 2010\PROJECTS\RPG V1.16\TRYING ALLEGRO\DEBUG\VC100.PDB
C:\USERS\MIKE\DOCUMENTS\VISUAL STUDIO 2010\PROJECTS\RPG V1.2\DEBUG\RPG.EXE
C:\USERS\MIKE\DOCUMENTS\VISUAL STUDIO 2010\PROJECTS\RPG V1.2\DEBUG\RPG.ILK
C:\USERS\MIKE\DOCUMENTS\VISUAL STUDIO 2010\PROJECTS\RPG V1.2\DEBUG\RPG.PDB
C:\USERS\MIKE\DOCUMENTS\VISUAL STUDIO 2010\PROJECTS\RPG V1.2\TRYING ALLEGRO\DEBUG\CHARACTER.OBJ
C:\USERS\MIKE\DOCUMENTS\VISUAL STUDIO 2010\PROJECTS\RPG V1.2\TRYING ALLEGRO\DEBUG\CONTROLS.OBJ
C:\USERS\MIKE\DOCUMENTS\VISUAL STUDIO 2010\PROJECTS\RPG V1.2\TRYING ALLEGRO\DEBUG\MAIN.OBJ
C:\USERS\MIKE\DOCUMENTS\VISUAL STUDIO 2010\PROJECTS\RPG V1.2\TRYING ALLEGRO\DEBUG\RPG.EXE.INTERMEDIATE.MANIFEST
C:\USERS\MIKE\DOCUMENTS\VISUAL STUDIO 2010\PROJECTS\RPG V1.2\TRYING ALLEGRO\DEBUG\SCENERY.OBJ
C:\USERS\MIKE\DOCUMENTS\VISUAL STUDIO 2010\PROJECTS\RPG V1.2\TRYING ALLEGRO\DEBUG\TANGIBLE.OBJ
C:\USERS\MIKE\DOCUMENTS\VISUAL STUDIO 2010\PROJECTS\RPG V1.2\TRYING ALLEGRO\DEBUG\VC100.PDB
C:\USERS\MIKE\DOCUMENTS\VISUAL STUDIO 2010\PROJECTS\RPG V1.3\DEBUG\RPG.EXE
C:\USERS\MIKE\DOCUMENTS\VISUAL STUDIO 2010\PROJECTS\RPG V1.3\DEBUG\RPG.ILK
C:\USERS\MIKE\DOCUMENTS\VISUAL STUDIO 2010\PROJECTS\RPG V1.3\DEBUG\RPG.PDB
C:\USERS\MIKE\DOCUMENTS\VISUAL STUDIO 2010\PROJECTS\RPG V1.3\TRYING ALLEGRO\DEBUG\CHARACTER.OBJ
C:\USERS\MIKE\DOCUMENTS\VISUAL STUDIO 2010\PROJECTS\RPG V1.3\TRYING ALLEGRO\DEBUG\CONTROLS.OBJ
C:\USERS\MIKE\DOCUMENTS\VISUAL STUDIO 2010\PROJECTS\RPG V1.3\TRYING ALLEGRO\DEBUG\LAYER.OBJ
C:\USERS\MIKE\DOCUMENTS\VISUAL STUDIO 2010\PROJECTS\RPG V1.3\TRYING ALLEGRO\DEBUG\MAIN.OBJ
C:\USERS\MIKE\DOCUMENTS\VISUAL STUDIO 2010\PROJECTS\RPG V1.3\TRYING ALLEGRO\DEBUG\RPG.EXE.INTERMEDIATE.MANIFEST
C:\USERS\MIKE\DOCUMENTS\VISUAL STUDIO 2010\PROJECTS\RPG V1.3\TRYING ALLEGRO\DEBUG\SCENERY.OBJ
C:\USERS\MIKE\DOCUMENTS\VISUAL STUDIO 2010\PROJECTS\RPG V1.3\TRYING ALLEGRO\DEBUG\TANGIBLE.OBJ
C:\USERS\MIKE\DOCUMENTS\VISUAL STUDIO 2010\PROJECTS\RPG V1.3\TRYING ALLEGRO\DEBUG\VC100.PDB
C:\USERS\MIKE\DOCUMENTS\VISUAL STUDIO 2010\PROJECTS\RPG V1.4\DEBUG\RPG.EXE
C:\USERS\MIKE\DOCUMENTS\VISUAL STUDIO 2010\PROJECTS\RPG V1.4\DEBUG\RPG.ILK
C:\USERS\MIKE\DOCUMENTS\VISUAL STUDIO 2010\PROJECTS\RPG V1.4\DEBUG\RPG.PDB
C:\USERS\MIKE\DOCUMENTS\VISUAL STUDIO 2010\PROJECTS\RPG V1.4\TRYING ALLEGRO\DEBUG\CHARACTER.OBJ
C:\USERS\MIKE\DOCUMENTS\VISUAL STUDIO 2010\PROJECTS\RPG V1.4\TRYING ALLEGRO\DEBUG\CONTROLS.OBJ
C:\USERS\MIKE\DOCUMENTS\VISUAL STUDIO 2010\PROJECTS\RPG V1.4\TRYING ALLEGRO\DEBUG\LAYER.OBJ
C:\USERS\MIKE\DOCUMENTS\VISUAL STUDIO 2010\PROJECTS\RPG V1.4\TRYING ALLEGRO\DEBUG\MAIN.OBJ
C:\USERS\MIKE\DOCUMENTS\VISUAL STUDIO 2010\PROJECTS\RPG V1.4\TRYING ALLEGRO\DEBUG\MAPPY_A5.OBJ
C:\USERS\MIKE\DOCUMENTS\VISUAL STUDIO 2010\PROJECTS\RPG V1.4\TRYING ALLEGRO\DEBUG\RPG.EXE.INTERMEDIATE.MANIFEST
C:\USERS\MIKE\DOCUMENTS\VISUAL STUDIO 2010\PROJECTS\RPG V1.4\TRYING ALLEGRO\DEBUG\SCENERY.OBJ
C:\USERS\MIKE\DOCUMENTS\VISUAL STUDIO 2010\PROJECTS\RPG V1.4\TRYING ALLEGRO\DEBUG\TANGIBLE.OBJ
C:\USERS\MIKE\DOCUMENTS\VISUAL STUDIO 2010\PROJECTS\RPG V1.4\TRYING ALLEGRO\DEBUG\VC100.PDB
C:\USERS\MIKE\DOCUMENTS\VISUAL STUDIO 2010\PROJECTS\RPG V1.5\DEBUG\RPG.EXE
C:\USERS\MIKE\DOCUMENTS\VISUAL STUDIO 2010\PROJECTS\RPG V1.5\DEBUG\RPG.ILK
C:\USERS\MIKE\DOCUMENTS\VISUAL STUDIO 2010\PROJECTS\RPG V1.5\DEBUG\RPG.PDB
C:\USERS\MIKE\DOCUMENTS\VISUAL STUDIO 2010\PROJECTS\RPG V1.5\TRYING ALLEGRO\DEBUG\CHARACTER.OBJ
C:\USERS\MIKE\DOCUMENTS\VISUAL STUDIO 2010\PROJECTS\RPG V1.5\TRYING ALLEGRO\DEBUG\CONTROLS.OBJ
C:\USERS\MIKE\DOCUMENTS\VISUAL STUDIO 2010\PROJECTS\RPG V1.5\TRYING ALLEGRO\DEBUG\LAYER.OBJ
C:\USERS\MIKE\DOCUMENTS\VISUAL STUDIO 2010\PROJECTS\RPG V1.5\TRYING ALLEGRO\DEBUG\MAIN.OBJ
C:\USERS\MIKE\DOCUMENTS\VISUAL STUDIO 2010\PROJECTS\RPG V1.5\TRYING ALLEGRO\DEBUG\MAPPY_A5.OBJ
C:\USERS\MIKE\DOCUMENTS\VISUAL STUDIO 2010\PROJECTS\RPG V1.5\TRYING ALLEGRO\DEBUG\RPG.EXE.INTERMEDIATE.MANIFEST
C:\USERS\MIKE\DOCUMENTS\VISUAL STUDIO 2010\PROJECTS\RPG V1.5\TRYING ALLEGRO\DEBUG\SCENERY.OBJ
C:\USERS\MIKE\DOCUMENTS\VISUAL STUDIO 2010\PROJECTS\RPG V1.5\TRYING ALLEGRO\DEBUG\TANGIBLE.OBJ
C:\USERS\MIKE\DOCUMENTS\VISUAL STUDIO 2010\PROJECTS\RPG V1.5\TRYING ALLEGRO\DEBUG\VC100.PDB
C:\USERS\MIKE\DOCUMENTS\VISUAL STUDIO 2010\PROJECTS\RPG V1.6\DEBUG\RPG.EXE
C:\USERS\MIKE\DOCUMENTS\VISUAL STUDIO 2010\PROJECTS\RPG V1.6\DEBUG\RPG.ILK
C:\USERS\MIKE\DOCUMENTS\VISUAL STUDIO 2010\PROJECTS\RPG V1.6\DEBUG\RPG.PDB
C:\USERS\MIKE\DOCUMENTS\VISUAL STUDIO 2010\PROJECTS\RPG V1.6\TRYING ALLEGRO\DEBUG\CHARACTER.OBJ
C:\USERS\MIKE\DOCUMENTS\VISUAL STUDIO 2010\PROJECTS\RPG V1.6\TRYING ALLEGRO\DEBUG\CONTROLS.OBJ
C:\USERS\MIKE\DOCUMENTS\VISUAL STUDIO 2010\PROJECTS\RPG V1.6\TRYING ALLEGRO\DEBUG\LAYER.OBJ
C:\USERS\MIKE\DOCUMENTS\VISUAL STUDIO 2010\PROJECTS\RPG V1.6\TRYING ALLEGRO\DEBUG\MAIN.OBJ
C:\USERS\MIKE\DOCUMENTS\VISUAL STUDIO 2010\PROJECTS\RPG V1.6\TRYING ALLEGRO\DEBUG\MAPPY_A5.OBJ
C:\USERS\MIKE\DOCUMENTS\VISUAL STUDIO 2010\PROJECTS\RPG V1.6\TRYING ALLEGRO\DEBUG\RPG.EXE.INTERMEDIATE.MANIFEST
C:\USERS\MIKE\DOCUMENTS\VISUAL STUDIO 2010\PROJECTS\RPG V1.6\TRYING ALLEGRO\DEBUG\SCENERY.OBJ
C:\USERS\MIKE\DOCUMENTS\VISUAL STUDIO 2010\PROJECTS\RPG V1.6\TRYING ALLEGRO\DEBUG\TANGIBLE.OBJ
C:\USERS\MIKE\DOCUMENTS\VISUAL STUDIO 2010\PROJECTS\RPG V1.6\TRYING ALLEGRO\DEBUG\VC100.PDB
C:\USERS\MIKE\DOCUMENTS\VISUAL STUDIO 2010\PROJECTS\RPG V1.7\DEBUG\RPG.EXE
C:\USERS\MIKE\DOCUMENTS\VISUAL STUDIO 2010\PROJECTS\RPG V1.7\DEBUG\RPG.ILK
C:\USERS\MIKE\DOCUMENTS\VISUAL STUDIO 2010\PROJECTS\RPG V1.7\DEBUG\RPG.PDB
C:\USERS\MIKE\DOCUMENTS\VISUAL STUDIO 2010\PROJECTS\RPG V1.7\TRYING ALLEGRO\DEBUG\AREAMAP.OBJ
C:\USERS\MIKE\DOCUMENTS\VISUAL STUDIO 2010\PROJECTS\RPG V1.7\TRYING ALLEGRO\DEBUG\CHARACTER.OBJ
C:\USERS\MIKE\DOCUMENTS\VISUAL STUDIO 2010\PROJECTS\RPG V1.7\TRYING ALLEGRO\DEBUG\CONTROLS.OBJ
C:\USERS\MIKE\DOCUMENTS\VISUAL STUDIO 2010\PROJECTS\RPG V1.7\TRYING ALLEGRO\DEBUG\LAYER.OBJ
C:\USERS\MIKE\DOCUMENTS\VISUAL STUDIO 2010\PROJECTS\RPG V1.7\TRYING ALLEGRO\DEBUG\MAIN.OBJ
C:\USERS\MIKE\DOCUMENTS\VISUAL STUDIO 2010\PROJECTS\RPG V1.7\TRYING ALLEGRO\DEBUG\RPG.EXE.INTERMEDIATE.MANIFEST
C:\USERS\MIKE\DOCUMENTS\VISUAL STUDIO 2010\PROJECTS\RPG V1.7\TRYING ALLEGRO\DEBUG\SCENERY.OBJ
C:\USERS\MIKE\DOCUMENTS\VISUAL STUDIO 2010\PROJECTS\RPG V1.7\TRYING ALLEGRO\DEBUG\TANGIBLE.OBJ
C:\USERS\MIKE\DOCUMENTS\VISUAL STUDIO 2010\PROJECTS\RPG V1.7\TRYING ALLEGRO\DEBUG\VC100.PDB
C:\USERS\MIKE\DOCUMENTS\VISUAL STUDIO 2010\PROJECTS\RPG V1.8\DEBUG\RPG.EXE
C:\USERS\MIKE\DOCUMENTS\VISUAL STUDIO 2010\PROJECTS\RPG V1.8\DEBUG\RPG.ILK
C:\USERS\MIKE\DOCUMENTS\VISUAL STUDIO 2010\PROJECTS\RPG V1.8\DEBUG\RPG.PDB
C:\USERS\MIKE\DOCUMENTS\VISUAL STUDIO 2010\PROJECTS\RPG V1.8\TRYING ALLEGRO\DEBUG\AREAMAP.OBJ
C:\USERS\MIKE\DOCUMENTS\VISUAL STUDIO 2010\PROJECTS\RPG V1.8\TRYING ALLEGRO\DEBUG\CHARACTER.OBJ
C:\USERS\MIKE\DOCUMENTS\VISUAL STUDIO 2010\PROJECTS\RPG V1.8\TRYING ALLEGRO\DEBUG\COLLISION.OBJ
C:\USERS\MIKE\DOCUMENTS\VISUAL STUDIO 2010\PROJECTS\RPG V1.8\TRYING ALLEGRO\DEBUG\CONTROLS.OBJ
C:\USERS\MIKE\DOCUMENTS\VISUAL STUDIO 2010\PROJECTS\RPG V1.8\TRYING ALLEGRO\DEBUG\LAYER.OBJ
C:\USERS\MIKE\DOCUMENTS\VISUAL STUDIO 2010\PROJECTS\RPG V1.8\TRYING ALLEGRO\DEBUG\MAIN.OBJ
C:\USERS\MIKE\DOCUMENTS\VISUAL STUDIO 2010\PROJECTS\RPG V1.8\TRYING ALLEGRO\DEBUG\MOVEMENT.OBJ
C:\USERS\MIKE\DOCUMENTS\VISUAL STUDIO 2010\PROJECTS\RPG V1.8\TRYING ALLEGRO\DEBUG\RPG.EXE.INTERMEDIATE.MANIFEST
C:\USERS\MIKE\DOCUMENTS\VISUAL STUDIO 2010\PROJECTS\RPG V1.8\TRYING ALLEGRO\DEBUG\SCENERY.OBJ
C:\USERS\MIKE\DOCUMENTS\VISUAL STUDIO 2010\PROJECTS\RPG V1.8\TRYING ALLEGRO\DEBUG\TANGIBLE.OBJ
C:\USERS\MIKE\DOCUMENTS\VISUAL STUDIO 2010\PROJECTS\RPG V1.8\TRYING ALLEGRO\DEBUG\VC100.PDB
C:\USERS\MIKE\DOCUMENTS\VISUAL STUDIO 2010\PROJECTS\RPG V1.9\DEBUG\RPG.EXE
C:\USERS\MIKE\DOCUMENTS\VISUAL STUDIO 2010\PROJECTS\RPG V1.9\DEBUG\RPG.ILK
C:\USERS\MIKE\DOCUMENTS\VISUAL STUDIO 2010\PROJECTS\RPG V1.9\DEBUG\RPG.PDB
C:\USERS\MIKE\DOCUMENTS\VISUAL STUDIO 2010\PROJECTS\RPG V1.9\TRYING ALLEGRO\DEBUG\AREAMAP.OBJ
C:\USERS\MIKE\DOCUMENTS\VISUAL STUDIO 2010\PROJECTS\RPG V1.9\TRYING ALLEGRO\DEBUG\CHARACTER.OBJ
C:\USERS\MIKE\DOCUMENTS\VISUAL STUDIO 2010\PROJECTS\RPG V1.9\TRYING ALLEGRO\DEBUG\COLLISION.OBJ
C:\USERS\MIKE\DOCUMENTS\VISUAL STUDIO 2010\PROJECTS\RPG V1.9\TRYING ALLEGRO\DEBUG\CONTROLS.OBJ
C:\USERS\MIKE\DOCUMENTS\VISUAL STUDIO 2010\PROJECTS\RPG V1.9\TRYING ALLEGRO\DEBUG\DRAW.OBJ
C:\USERS\MIKE\DOCUMENTS\VISUAL STUDIO 2010\PROJECTS\RPG V1.9\TRYING ALLEGRO\DEBUG\LAYER.OBJ
C:\USERS\MIKE\DOCUMENTS\VISUAL STUDIO 2010\PROJECTS\RPG V1.9\TRYING ALLEGRO\DEBUG\MAIN.OBJ
C:\USERS\MIKE\DOCUMENTS\VISUAL STUDIO 2010\PROJECTS\RPG V1.9\TRYING ALLEGRO\DEBUG\MOVEMENT.OBJ
C:\USERS\MIKE\DOCUMENTS\VISUAL STUDIO 2010\PROJECTS\RPG V1.9\TRYING ALLEGRO\DEBUG\RPG.EXE.INTERMEDIATE.MANIFEST
C:\USERS\MIKE\DOCUMENTS\VISUAL STUDIO 2010\PROJECTS\RPG V1.9\TRYING ALLEGRO\DEBUG\SCENERY.OBJ
C:\USERS\MIKE\DOCUMENTS\VISUAL STUDIO 2010\PROJECTS\RPG V1.9\TRYING ALLEGRO\DEBUG\TANGIBLE.OBJ
C:\USERS\MIKE\DOCUMENTS\VISUAL STUDIO 2010\PROJECTS\RPG V1.9\TRYING ALLEGRO\DEBUG\VC100.PDB
C:\USERS\MIKE\DOCUMENTS\VISUAL STUDIO 2010\PROJECTS\RPG V1\DEBUG\RPG.EXE
C:\USERS\MIKE\DOCUMENTS\VISUAL STUDIO 2010\PROJECTS\RPG V1\DEBUG\RPG.ILK
C:\USERS\MIKE\DOCUMENTS\VISUAL STUDIO 2010\PROJECTS\RPG V1\DEBUG\RPG.PDB
C:\USERS\MIKE\DOCUMENTS\VISUAL STUDIO 2010\PROJECTS\RPG V1\DEBUG\TRYING ALLEGRO.EXE
C:\USERS\MIKE\DOCUMENTS\VISUAL STUDIO 2010\PROJECTS\RPG V1\TRYING ALLEGRO\DEBUG\CHARACTER.OBJ
C:\USERS\MIKE\DOCUMENTS\VISUAL STUDIO 2010\PROJECTS\RPG V1\TRYING ALLEGRO\DEBUG\CONTROLS.OBJ
C:\USERS\MIKE\DOCUMENTS\VISUAL STUDIO 2010\PROJECTS\RPG V1\TRYING ALLEGRO\DEBUG\MAIN.OBJ
C:\USERS\MIKE\DOCUMENTS\VISUAL STUDIO 2010\PROJECTS\RPG V1\TRYING ALLEGRO\DEBUG\RPG.EXE.INTERMEDIATE.MANIFEST
C:\USERS\MIKE\DOCUMENTS\VISUAL STUDIO 2010\PROJECTS\RPG V1\TRYING ALLEGRO\DEBUG\VC100.PDB
C:\USERS\MIKE\DOCUMENTS\VISUAL STUDIO 2010\PROJECTS\TREE SLICER V1\DEBUG\TRYING ALLEGRO.EXE
C:\USERS\MIKE\DOCUMENTS\VISUAL STUDIO 2010\PROJECTS\TREE SLICER V1\DEBUG\TRYING ALLEGRO.ILK
C:\USERS\MIKE\DOCUMENTS\VISUAL STUDIO 2010\PROJECTS\TREE SLICER V1\DEBUG\TRYING ALLEGRO.PDB
C:\USERS\MIKE\DOCUMENTS\VISUAL STUDIO 2010\PROJECTS\TREE SLICER V1\TRYING ALLEGRO\DEBUG\MAIN.OBJ
C:\USERS\MIKE\DOCUMENTS\VISUAL STUDIO 2010\PROJECTS\TREE SLICER V1\TRYING ALLEGRO\DEBUG\TRYING ALLEGRO.EXE.INTERMEDIATE.MANIFEST
C:\USERS\MIKE\DOCUMENTS\VISUAL STUDIO 2010\PROJECTS\TREE SLICER V1\TRYING ALLEGRO\DEBUG\VC100.PDB
C:\USERS\MIKE\DOCUMENTS\VISUAL STUDIO 2010\PROJECTS\TREE SLICER V2\DEBUG\TRYING ALLEGRO.EXE
C:\USERS\MIKE\DOCUMENTS\VISUAL STUDIO 2010\PROJECTS\TREE SLICER V2\DEBUG\TRYING ALLEGRO.ILK
C:\USERS\MIKE\DOCUMENTS\VISUAL STUDIO 2010\PROJECTS\TREE SLICER V2\DEBUG\TRYING ALLEGRO.PDB
C:\USERS\MIKE\DOCUMENTS\VISUAL STUDIO 2010\PROJECTS\TREE SLICER V2\TRYING ALLEGRO\DEBUG\MAIN.OBJ
C:\USERS\MIKE\DOCUMENTS\VISUAL STUDIO 2010\PROJECTS\TREE SLICER V2\TRYING ALLEGRO\DEBUG\TRYING ALLEGRO.EXE.INTERMEDIATE.MANIFEST
C:\USERS\MIKE\DOCUMENTS\VISUAL STUDIO 2010\PROJECTS\TREE SLICER V2\TRYING ALLEGRO\DEBUG\VC100.PDB
C:\USERS\MIKE\DOCUMENTS\VISUAL STUDIO 2010\PROJECTS\TREE SLICER V3\DEBUG\TRYING ALLEGRO.EXE
C:\USERS\MIKE\DOCUMENTS\VISUAL STUDIO 2010\PROJECTS\TREE SLICER V3\DEBUG\TRYING ALLEGRO.ILK
C:\USERS\MIKE\DOCUMENTS\VISUAL STUDIO 2010\PROJECTS\TREE SLICER V3\DEBUG\TRYING ALLEGRO.PDB
C:\USERS\MIKE\DOCUMENTS\VISUAL STUDIO 2010\PROJECTS\TREE SLICER V3\TRYING ALLEGRO\DEBUG\MAIN.OBJ
C:\USERS\MIKE\DOCUMENTS\VISUAL STUDIO 2010\PROJECTS\TREE SLICER V3\TRYING ALLEGRO\DEBUG\TRYING ALLEGRO.EXE.INTERMEDIATE.MANIFEST
C:\USERS\MIKE\DOCUMENTS\VISUAL STUDIO 2010\PROJECTS\TREE SLICER V3\TRYING ALLEGRO\DEBUG\VC100.PDB
C:\USERS\MIKE\DOCUMENTS\VISUAL STUDIO 2010\PROJECTS\TRYING ALLEGRO 2\DEBUG\TRYING ALLEGRO.EXE
C:\USERS\MIKE\DOCUMENTS\VISUAL STUDIO 2010\PROJECTS\TRYING ALLEGRO 2\DEBUG\TRYING ALLEGRO.ILK
C:\USERS\MIKE\DOCUMENTS\VISUAL STUDIO 2010\PROJECTS\TRYING ALLEGRO 2\DEBUG\TRYING ALLEGRO.PDB
C:\USERS\MIKE\DOCUMENTS\VISUAL STUDIO 2010\PROJECTS\TRYING ALLEGRO 2\TRYING ALLEGRO\DEBUG\MAIN.OBJ
C:\USERS\MIKE\DOCUMENTS\VISUAL STUDIO 2010\PROJECTS\TRYING ALLEGRO 2\TRYING ALLEGRO\DEBUG\TRYING ALLEGRO.EXE.INTERMEDIATE.MANIFEST
C:\USERS\MIKE\DOCUMENTS\VISUAL STUDIO 2010\PROJECTS\TRYING ALLEGRO 2\TRYING ALLEGRO\DEBUG\VC100.PDB
C:\USERS\MIKE\DOCUMENTS\VISUAL STUDIO 2010\PROJECTS\TRYING ALLEGRO\DEBUG\TRYING ALLEGRO.EXE
C:\USERS\MIKE\DOCUMENTS\VISUAL STUDIO 2010\PROJECTS\TRYING ALLEGRO\DEBUG\TRYING ALLEGRO.ILK
C:\USERS\MIKE\DOCUMENTS\VISUAL STUDIO 2010\PROJECTS\TRYING ALLEGRO\DEBUG\TRYING ALLEGRO.PDB
C:\USERS\MIKE\DOCUMENTS\VISUAL STUDIO 2010\PROJECTS\TRYING ALLEGRO\TRYING ALLEGRO\DEBUG\MAIN.OBJ
C:\USERS\MIKE\DOCUMENTS\VISUAL STUDIO 2010\PROJECTS\TRYING ALLEGRO\TRYING ALLEGRO\DEBUG\TRYING ALLEGRO.EXE.INTERMEDIATE.MANIFEST
C:\USERS\MIKE\DOCUMENTS\VISUAL STUDIO 2010\PROJECTS\TRYING ALLEGRO\TRYING ALLEGRO\DEBUG\VC100.PDB
