Build started 12/6/2014 2:38:27 PM.
     1>Project "C:\Users\Mike\Documents\Visual Studio 2010\Projects\RPG v1.16\Trying Allegro\Trying Allegro.vcxproj" on node 2 (build target(s)).
     1>InitializeBuildStatus:
         Creating "Debug\RPG.unsuccessfulbuild" because "AlwaysCreate" was specified.
       ClCompile:
         c:\Program Files (x86)\Microsoft Visual Studio 10.0\VC\bin\CL.exe /c /Ic:\allegro\include /ZI /nologo /W3 /WX- /Od /Oy- /D _MBCS /Gm /EHsc /RTC1 /MDd /GS /fp:precise /Zc:wchar_t /Zc:forScope /Fo"Debug\\" /Fd"Debug\vc100.pdb" /Gd /TP /analyze- /errorReport:prompt Menu.cpp
         Menu.cpp
       Link:
         c:\Program Files (x86)\Microsoft Visual Studio 10.0\VC\bin\link.exe /ERRORREPORT:PROMPT /OUT:"C:\Users\Mike\Documents\Visual Studio 2010\Projects\RPG v1.16\Debug\RPG.exe" /NOLOGO /LIBPATH:c:\allegro\lib kernel32.lib user32.lib gdi32.lib winspool.lib comdlg32.lib advapi32.lib shell32.lib ole32.lib oleaut32.lib uuid.lib odbc32.lib odbccp32.lib kernel32.lib user32.lib gdi32.lib winspool.lib comdlg32.lib advapi32.lib shell32.lib ole32.lib oleaut32.lib uuid.lib odbc32.lib odbccp32.lib "allegro-5.0.10-monolith-md-debug.lib" /MANIFEST /ManifestFile:"Debug\RPG.exe.intermediate.manifest" /MANIFESTUAC:"level='asInvoker' uiAccess='false'" /DEBUG /PDB:"C:\Users\Mike\Documents\Visual Studio 2010\Projects\RPG v1.16\Debug\RPG.pdb" /TLBID:1 /DYNAMICBASE /NXCOMPAT /IMPLIB:"C:\Users\Mike\Documents\Visual Studio 2010\Projects\RPG v1.16\Debug\RPG.lib" /MACHINE:X86 Debug\Animation.obj
         Debug\AreaMap.obj
         Debug\BattleMap.obj
         Debug\Character.obj
         Debug\CharFactory.obj
         Debug\CharStats.obj
         Debug\Collision.obj
         Debug\Controls.obj
         Debug\Cutscene.obj
         Debug\Draw.obj
         Debug\GameManager.obj
         Debug\InitEnemies.obj
         Debug\Layer.obj
         Debug\main.obj
         Debug\Map.obj
         Debug\Menu.obj
         Debug\Movement.obj
         Debug\MovingImage.obj
         Debug\MovingText.obj
         Debug\Scenery.obj
         Debug\Stats.obj
         Debug\Tangible.obj
         Debug\TextBox.obj
         LINK : C:\Users\Mike\Documents\Visual Studio 2010\Projects\RPG v1.16\Debug\RPG.exe not found or not built by the last incremental link; performing full link
         Trying Allegro.vcxproj -> C:\Users\Mike\Documents\Visual Studio 2010\Projects\RPG v1.16\Debug\RPG.exe
       Manifest:
         C:\Program Files (x86)\Microsoft SDKs\Windows\v7.0A\bin\mt.exe /nologo /verbose /outputresource:"C:\Users\Mike\Documents\Visual Studio 2010\Projects\RPG v1.16\Debug\RPG.exe;#1" /manifest Debug\RPG.exe.intermediate.manifest
       FinalizeBuildStatus:
         Deleting file "Debug\RPG.unsuccessfulbuild".
         Touching "Debug\RPG.lastbuildstate".
     1>Done Building Project "C:\Users\Mike\Documents\Visual Studio 2010\Projects\RPG v1.16\Trying Allegro\Trying Allegro.vcxproj" (build target(s)).

Build succeeded.

Time Elapsed 00:00:02.29
