system   D            wsystem.c:583  maybe_parent_dir                 [   0.00115] Also searching C:\Users\Mike\Documents\GitHub\Vintage-RPG\
system   D            wsystem.c:633  _al_win_safe_load_library        [   0.00166] PathFindOnPath found: C:\WINDOWS\system32\d3d9.dll
system   D            wsystem.c:544  load_library_at_path             [   0.00171] Calling LoadLibrary C:\WINDOWS\system32\d3d9.dll
system   I            wsystem.c:547  load_library_at_path             [   0.01300] Loaded C:\WINDOWS\system32\d3d9.dll
d3d      I         d3d_disp.cpp:696  _al_d3d_init_display             [   0.03867] Render-to-texture: 1
system   I             system.c:252  al_install_system                [   0.03876] Allegro version: 5.0.10
d3d      I         d3d_disp.cpp:1737 d3d_create_display_locked        [   0.03996] faux_fullscreen=0
d3d      D         d3d_disp.cpp:1738 d3d_create_display_locked        [   0.04000] al_display=007E53C8
d3d      D         d3d_disp.cpp:1739 d3d_create_display_locked        [   0.04003] al_display->vt=007E5300
d3d      I d3d_display_formats.cpp:144  _al_d3d_generate_display_format_list [   0.04114] found 64 format combinations
display  D   display_settings.c:191  debug_display_settings           [   0.04119] color: 32 (rgba 8880), depth: 0, stencil: 0, acc: 0000, samples: 0/0
display  D   display_settings.c:506  _al_score_display_settings       [   0.04123] Score is : 897
display  D   display_settings.c:191  debug_display_settings           [   0.04125] color: 32 (rgba 8880), depth: 0, stencil: 0, acc: 0000, samples: 0/0
display  D   display_settings.c:506  _al_score_display_settings       [   0.04128] Score is : 897
display  D   display_settings.c:191  debug_display_settings           [   0.04130] color: 32 (rgba 8880), depth: 24, stencil: 8, acc: 0000, samples: 0/0
display  D   display_settings.c:506  _al_score_display_settings       [   0.04133] Score is : 897
display  D   display_settings.c:191  debug_display_settings           [   0.04135] color: 32 (rgba 8880), depth: 24, stencil: 8, acc: 0000, samples: 0/0
display  D   display_settings.c:506  _al_score_display_settings       [   0.04138] Score is : 897
display  D   display_settings.c:191  debug_display_settings           [   0.04140] color: 32 (rgba 8880), depth: 24, stencil: 0, acc: 0000, samples: 0/0
display  D   display_settings.c:506  _al_score_display_settings       [   0.04143] Score is : 897
display  D   display_settings.c:191  debug_display_settings           [   0.04145] color: 32 (rgba 8880), depth: 24, stencil: 0, acc: 0000, samples: 0/0
display  D   display_settings.c:506  _al_score_display_settings       [   0.04148] Score is : 897
display  D   display_settings.c:191  debug_display_settings           [   0.04150] color: 32 (rgba 8880), depth: 16, stencil: 0, acc: 0000, samples: 0/0
display  D   display_settings.c:506  _al_score_display_settings       [   0.04153] Score is : 897
display  D   display_settings.c:191  debug_display_settings           [   0.04155] color: 32 (rgba 8880), depth: 16, stencil: 0, acc: 0000, samples: 0/0
display  D   display_settings.c:506  _al_score_display_settings       [   0.04158] Score is : 897
display  D   display_settings.c:191  debug_display_settings           [   0.04161] color: 16 (rgba 5650), depth: 0, stencil: 0, acc: 0000, samples: 0/0
display  D   display_settings.c:506  _al_score_display_settings       [   0.04163] Score is : 897
display  D   display_settings.c:191  debug_display_settings           [   0.04167] color: 16 (rgba 5650), depth: 0, stencil: 0, acc: 0000, samples: 0/0
display  D   display_settings.c:506  _al_score_display_settings       [   0.04170] Score is : 897
display  D   display_settings.c:191  debug_display_settings           [   0.04172] color: 16 (rgba 5650), depth: 24, stencil: 8, acc: 0000, samples: 0/0
display  D   display_settings.c:506  _al_score_display_settings       [   0.04175] Score is : 897
display  D   display_settings.c:191  debug_display_settings           [   0.04177] color: 16 (rgba 5650), depth: 24, stencil: 8, acc: 0000, samples: 0/0
display  D   display_settings.c:506  _al_score_display_settings       [   0.04194] Score is : 897
display  D   display_settings.c:191  debug_display_settings           [   0.04197] color: 16 (rgba 5650), depth: 24, stencil: 0, acc: 0000, samples: 0/0
display  D   display_settings.c:506  _al_score_display_settings       [   0.04200] Score is : 897
display  D   display_settings.c:191  debug_display_settings           [   0.04204] color: 16 (rgba 5650), depth: 24, stencil: 0, acc: 0000, samples: 0/0
display  D   display_settings.c:506  _al_score_display_settings       [   0.04209] Score is : 897
display  D   display_settings.c:191  debug_display_settings           [   0.04212] color: 16 (rgba 5650), depth: 16, stencil: 0, acc: 0000, samples: 0/0
display  D   display_settings.c:506  _al_score_display_settings       [   0.04216] Score is : 897
display  D   display_settings.c:191  debug_display_settings           [   0.04221] color: 16 (rgba 5650), depth: 16, stencil: 0, acc: 0000, samples: 0/0
display  D   display_settings.c:506  _al_score_display_settings       [   0.04225] Score is : 897
display  D   display_settings.c:191  debug_display_settings           [   0.04227] color: 32 (rgba 8880), depth: 0, stencil: 0, acc: 0000, samples: 0/0
display  D   display_settings.c:377  _al_score_display_settings       [   0.04230] Single Buffer requirement not met.
display  D   display_settings.c:191  debug_display_settings           [   0.04232] color: 32 (rgba 8880), depth: 0, stencil: 0, acc: 0000, samples: 0/0
display  D   display_settings.c:377  _al_score_display_settings       [   0.04235] Single Buffer requirement not met.
display  D   display_settings.c:191  debug_display_settings           [   0.04237] color: 32 (rgba 8880), depth: 24, stencil: 8, acc: 0000, samples: 0/0
display  D   display_settings.c:377  _al_score_display_settings       [   0.04240] Single Buffer requirement not met.
display  D   display_settings.c:191  debug_display_settings           [   0.04242] color: 32 (rgba 8880), depth: 24, stencil: 8, acc: 0000, samples: 0/0
display  D   display_settings.c:377  _al_score_display_settings       [   0.04245] Single Buffer requirement not met.
display  D   display_settings.c:191  debug_display_settings           [   0.04247] color: 32 (rgba 8880), depth: 24, stencil: 0, acc: 0000, samples: 0/0
display  D   display_settings.c:377  _al_score_display_settings       [   0.04250] Single Buffer requirement not met.
display  D   display_settings.c:191  debug_display_settings           [   0.04253] color: 32 (rgba 8880), depth: 24, stencil: 0, acc: 0000, samples: 0/0
display  D   display_settings.c:377  _al_score_display_settings       [   0.04255] Single Buffer requirement not met.
display  D   display_settings.c:191  debug_display_settings           [   0.04258] color: 32 (rgba 8880), depth: 16, stencil: 0, acc: 0000, samples: 0/0
display  D   display_settings.c:377  _al_score_display_settings       [   0.04260] Single Buffer requirement not met.
display  D   display_settings.c:191  debug_display_settings           [   0.04263] color: 32 (rgba 8880), depth: 16, stencil: 0, acc: 0000, samples: 0/0
display  D   display_settings.c:377  _al_score_display_settings       [   0.04266] Single Buffer requirement not met.
display  D   display_settings.c:191  debug_display_settings           [   0.04268] color: 16 (rgba 5650), depth: 0, stencil: 0, acc: 0000, samples: 0/0
display  D   display_settings.c:377  _al_score_display_settings       [   0.04271] Single Buffer requirement not met.
display  D   display_settings.c:191  debug_display_settings           [   0.04273] color: 16 (rgba 5650), depth: 0, stencil: 0, acc: 0000, samples: 0/0
display  D   display_settings.c:377  _al_score_display_settings       [   0.04276] Single Buffer requirement not met.
display  D   display_settings.c:191  debug_display_settings           [   0.04278] color: 16 (rgba 5650), depth: 24, stencil: 8, acc: 0000, samples: 0/0
display  D   display_settings.c:377  _al_score_display_settings       [   0.04281] Single Buffer requirement not met.
display  D   display_settings.c:191  debug_display_settings           [   0.04284] color: 16 (rgba 5650), depth: 24, stencil: 8, acc: 0000, samples: 0/0
display  D   display_settings.c:377  _al_score_display_settings       [   0.04287] Single Buffer requirement not met.
display  D   display_settings.c:191  debug_display_settings           [   0.04289] color: 16 (rgba 5650), depth: 24, stencil: 0, acc: 0000, samples: 0/0
display  D   display_settings.c:377  _al_score_display_settings       [   0.04292] Single Buffer requirement not met.
display  D   display_settings.c:191  debug_display_settings           [   0.04294] color: 16 (rgba 5650), depth: 24, stencil: 0, acc: 0000, samples: 0/0
display  D   display_settings.c:377  _al_score_display_settings       [   0.04297] Single Buffer requirement not met.
display  D   display_settings.c:191  debug_display_settings           [   0.04299] color: 16 (rgba 5650), depth: 16, stencil: 0, acc: 0000, samples: 0/0
display  D   display_settings.c:377  _al_score_display_settings       [   0.04302] Single Buffer requirement not met.
display  D   display_settings.c:191  debug_display_settings           [   0.04304] color: 16 (rgba 5650), depth: 16, stencil: 0, acc: 0000, samples: 0/0
display  D   display_settings.c:377  _al_score_display_settings       [   0.04307] Single Buffer requirement not met.
display  D   display_settings.c:191  debug_display_settings           [   0.04310] color: 32 (rgba 8880), depth: 0, stencil: 0, acc: 0000, samples: 0/0
display  D   display_settings.c:506  _al_score_display_settings       [   0.04312] Score is : 769
display  D   display_settings.c:191  debug_display_settings           [   0.04315] color: 32 (rgba 8880), depth: 0, stencil: 0, acc: 0000, samples: 0/0
display  D   display_settings.c:506  _al_score_display_settings       [   0.04317] Score is : 769
display  D   display_settings.c:191  debug_display_settings           [   0.04319] color: 32 (rgba 8880), depth: 24, stencil: 8, acc: 0000, samples: 0/0
display  D   display_settings.c:506  _al_score_display_settings       [   0.04322] Score is : 769
display  D   display_settings.c:191  debug_display_settings           [   0.04324] color: 32 (rgba 8880), depth: 24, stencil: 8, acc: 0000, samples: 0/0
display  D   display_settings.c:506  _al_score_display_settings       [   0.04327] Score is : 769
display  D   display_settings.c:191  debug_display_settings           [   0.04329] color: 32 (rgba 8880), depth: 24, stencil: 0, acc: 0000, samples: 0/0
display  D   display_settings.c:506  _al_score_display_settings       [   0.04332] Score is : 769
display  D   display_settings.c:191  debug_display_settings           [   0.04334] color: 32 (rgba 8880), depth: 24, stencil: 0, acc: 0000, samples: 0/0
display  D   display_settings.c:506  _al_score_display_settings       [   0.04337] Score is : 769
display  D   display_settings.c:191  debug_display_settings           [   0.04339] color: 32 (rgba 8880), depth: 16, stencil: 0, acc: 0000, samples: 0/0
display  D   display_settings.c:506  _al_score_display_settings       [   0.04342] Score is : 769
display  D   display_settings.c:191  debug_display_settings           [   0.04344] color: 32 (rgba 8880), depth: 16, stencil: 0, acc: 0000, samples: 0/0
display  D   display_settings.c:506  _al_score_display_settings       [   0.04347] Score is : 769
display  D   display_settings.c:191  debug_display_settings           [   0.04349] color: 16 (rgba 5650), depth: 0, stencil: 0, acc: 0000, samples: 0/0
display  D   display_settings.c:506  _al_score_display_settings       [   0.04352] Score is : 769
display  D   display_settings.c:191  debug_display_settings           [   0.04354] color: 16 (rgba 5650), depth: 0, stencil: 0, acc: 0000, samples: 0/0
display  D   display_settings.c:506  _al_score_display_settings       [   0.04357] Score is : 769
display  D   display_settings.c:191  debug_display_settings           [   0.04359] color: 16 (rgba 5650), depth: 24, stencil: 8, acc: 0000, samples: 0/0
display  D   display_settings.c:506  _al_score_display_settings       [   0.04362] Score is : 769
display  D   display_settings.c:191  debug_display_settings           [   0.04364] color: 16 (rgba 5650), depth: 24, stencil: 8, acc: 0000, samples: 0/0
display  D   display_settings.c:506  _al_score_display_settings       [   0.04368] Score is : 769
display  D   display_settings.c:191  debug_display_settings           [   0.04370] color: 16 (rgba 5650), depth: 24, stencil: 0, acc: 0000, samples: 0/0
display  D   display_settings.c:506  _al_score_display_settings       [   0.04373] Score is : 769
display  D   display_settings.c:191  debug_display_settings           [   0.04375] color: 16 (rgba 5650), depth: 24, stencil: 0, acc: 0000, samples: 0/0
display  D   display_settings.c:506  _al_score_display_settings       [   0.04378] Score is : 769
display  D   display_settings.c:191  debug_display_settings           [   0.04380] color: 16 (rgba 5650), depth: 16, stencil: 0, acc: 0000, samples: 0/0
display  D   display_settings.c:506  _al_score_display_settings       [   0.04383] Score is : 769
display  D   display_settings.c:191  debug_display_settings           [   0.04385] color: 16 (rgba 5650), depth: 16, stencil: 0, acc: 0000, samples: 0/0
display  D   display_settings.c:506  _al_score_display_settings       [   0.04388] Score is : 769
display  D   display_settings.c:191  debug_display_settings           [   0.04390] color: 32 (rgba 8880), depth: 0, stencil: 0, acc: 0000, samples: 0/0
display  D   display_settings.c:377  _al_score_display_settings       [   0.04392] Single Buffer requirement not met.
display  D   display_settings.c:191  debug_display_settings           [   0.04395] color: 32 (rgba 8880), depth: 0, stencil: 0, acc: 0000, samples: 0/0
display  D   display_settings.c:377  _al_score_display_settings       [   0.04398] Single Buffer requirement not met.
display  D   display_settings.c:191  debug_display_settings           [   0.04400] color: 32 (rgba 8880), depth: 24, stencil: 8, acc: 0000, samples: 0/0
display  D   display_settings.c:377  _al_score_display_settings       [   0.04403] Single Buffer requirement not met.
display  D   display_settings.c:191  debug_display_settings           [   0.04405] color: 32 (rgba 8880), depth: 24, stencil: 8, acc: 0000, samples: 0/0
display  D   display_settings.c:377  _al_score_display_settings       [   0.04408] Single Buffer requirement not met.
display  D   display_settings.c:191  debug_display_settings           [   0.04410] color: 32 (rgba 8880), depth: 24, stencil: 0, acc: 0000, samples: 0/0
display  D   display_settings.c:377  _al_score_display_settings       [   0.04413] Single Buffer requirement not met.
display  D   display_settings.c:191  debug_display_settings           [   0.04415] color: 32 (rgba 8880), depth: 24, stencil: 0, acc: 0000, samples: 0/0
display  D   display_settings.c:377  _al_score_display_settings       [   0.04418] Single Buffer requirement not met.
display  D   display_settings.c:191  debug_display_settings           [   0.04420] color: 32 (rgba 8880), depth: 16, stencil: 0, acc: 0000, samples: 0/0
display  D   display_settings.c:377  _al_score_display_settings       [   0.04423] Single Buffer requirement not met.
display  D   display_settings.c:191  debug_display_settings           [   0.04425] color: 32 (rgba 8880), depth: 16, stencil: 0, acc: 0000, samples: 0/0
display  D   display_settings.c:377  _al_score_display_settings       [   0.04428] Single Buffer requirement not met.
display  D   display_settings.c:191  debug_display_settings           [   0.04430] color: 16 (rgba 5650), depth: 0, stencil: 0, acc: 0000, samples: 0/0
display  D   display_settings.c:377  _al_score_display_settings       [   0.04433] Single Buffer requirement not met.
display  D   display_settings.c:191  debug_display_settings           [   0.04435] color: 16 (rgba 5650), depth: 0, stencil: 0, acc: 0000, samples: 0/0
display  D   display_settings.c:377  _al_score_display_settings       [   0.04438] Single Buffer requirement not met.
display  D   display_settings.c:191  debug_display_settings           [   0.04440] color: 16 (rgba 5650), depth: 24, stencil: 8, acc: 0000, samples: 0/0
display  D   display_settings.c:377  _al_score_display_settings       [   0.04449] Single Buffer requirement not met.
display  D   display_settings.c:191  debug_display_settings           [   0.04452] color: 16 (rgba 5650), depth: 24, stencil: 8, acc: 0000, samples: 0/0
display  D   display_settings.c:377  _al_score_display_settings       [   0.04455] Single Buffer requirement not met.
display  D   display_settings.c:191  debug_display_settings           [   0.04457] color: 16 (rgba 5650), depth: 24, stencil: 0, acc: 0000, samples: 0/0
display  D   display_settings.c:377  _al_score_display_settings       [   0.04460] Single Buffer requirement not met.
display  D   display_settings.c:191  debug_display_settings           [   0.04462] color: 16 (rgba 5650), depth: 24, stencil: 0, acc: 0000, samples: 0/0
display  D   display_settings.c:377  _al_score_display_settings       [   0.04465] Single Buffer requirement not met.
display  D   display_settings.c:191  debug_display_settings           [   0.04468] color: 16 (rgba 5650), depth: 16, stencil: 0, acc: 0000, samples: 0/0
display  D   display_settings.c:377  _al_score_display_settings       [   0.04471] Single Buffer requirement not met.
display  D   display_settings.c:191  debug_display_settings           [   0.04473] color: 16 (rgba 5650), depth: 16, stencil: 0, acc: 0000, samples: 0/0
display  D   display_settings.c:377  _al_score_display_settings       [   0.04476] Single Buffer requirement not met.
d3d      D         d3d_disp.cpp:1645 d3d_create_display_internals     [   0.04480] Trying format 0.
d3d      I         d3d_disp.cpp:1326 d3d_display_thread_proc          [   0.04628] Chose a display format: 23
d3d      I         d3d_disp.cpp:1395 d3d_display_thread_proc          [   0.04634] Normal window.
d3d      I         d3d_disp.cpp:801  d3d_create_device                [   0.06199] Using no depth stencil buffer
d3d      D         d3d_disp.cpp:866  d3d_create_device                [   0.06854] BeginScene succeeded in create_device
d3d      D         d3d_disp.cpp:874  d3d_create_device                [   0.06859] Success
d3d      D         d3d_disp.cpp:1668 d3d_create_display_internals     [   0.06864] Resumed after wait.
d3d      I         d3d_disp.cpp:1701 d3d_create_display_internals     [   0.06869] Format 0 succeeded.
d3d      D         d3d_disp.cpp:1724 d3d_create_display_internals     [   0.06873] Returning d3d_display: 007E53C8
d3d      D         d3d_disp.cpp:1749 d3d_create_display_locked        [   0.06875] al_display=007E53C8
d3d      D         d3d_disp.cpp:1750 d3d_create_display_locked        [   0.06876] al_display->vt=007E5300
dtor     D               dtor.c:184  _al_register_destructor          [   0.07061] added dtor for object 007EA8A0, func 541827CF
dtor     D               dtor.c:184  _al_register_destructor          [   0.07068] added dtor for object 007EAA68, func 541824FA
d3d      D         d3d_disp.cpp:1166 real_choose_bitmap_format        [   0.07588] Fake format
d3d      D         d3d_disp.cpp:1166 real_choose_bitmap_format        [   0.07591] Fake format
d3d      D         d3d_disp.cpp:1166 real_choose_bitmap_format        [   0.07593] Fake format
d3d      D         d3d_disp.cpp:1166 real_choose_bitmap_format        [   0.07595] Fake format
d3d      D         d3d_disp.cpp:1166 real_choose_bitmap_format        [   0.07596] Fake format
d3d      D         d3d_disp.cpp:1166 real_choose_bitmap_format        [   0.07597] Fake format
d3d      D         d3d_disp.cpp:1166 real_choose_bitmap_format        [   0.07599] Fake format
d3d      D         d3d_disp.cpp:1166 real_choose_bitmap_format        [   0.07600] Fake format
d3d      D         d3d_disp.cpp:1166 real_choose_bitmap_format        [   0.07602] Fake format
d3d      D         d3d_disp.cpp:1174 real_choose_bitmap_format        [   0.07603] Alpha doesn't match
d3d      D         d3d_disp.cpp:1181 real_choose_bitmap_format        [   0.07605] Adapter format is 23
d3d      D         d3d_disp.cpp:1184 real_choose_bitmap_format        [   0.07607] Found a format
d3d      I         d3d_disp.cpp:2283 _al_d3d_create_bitmap            [   0.07610] Chose bitmap format 9
dtor     D               dtor.c:184  _al_register_destructor          [   0.07635] added dtor for object 03E04FE0, func 541825BD
d3d      D          d3d_bmp.cpp:467  _al_d3d_sync_bitmap              [   0.08307] _al_d3d_sync_bitmap (system) ref count == 1
d3d      D          d3d_bmp.cpp:473  _al_d3d_sync_bitmap              [   0.08312] _al_d3d_sync_bitmap (video) ref count == 1
d3d      D         d3d_disp.cpp:1166 real_choose_bitmap_format        [   0.08494] Fake format
d3d      D         d3d_disp.cpp:1166 real_choose_bitmap_format        [   0.08497] Fake format
d3d      D         d3d_disp.cpp:1166 real_choose_bitmap_format        [   0.08498] Fake format
d3d      D         d3d_disp.cpp:1166 real_choose_bitmap_format        [   0.08500] Fake format
d3d      D         d3d_disp.cpp:1166 real_choose_bitmap_format        [   0.08501] Fake format
d3d      D         d3d_disp.cpp:1166 real_choose_bitmap_format        [   0.08503] Fake format
d3d      D         d3d_disp.cpp:1166 real_choose_bitmap_format        [   0.08504] Fake format
d3d      D         d3d_disp.cpp:1166 real_choose_bitmap_format        [   0.08506] Fake format
d3d      D         d3d_disp.cpp:1166 real_choose_bitmap_format        [   0.08507] Fake format
d3d      D         d3d_disp.cpp:1174 real_choose_bitmap_format        [   0.08508] Alpha doesn't match
d3d      D         d3d_disp.cpp:1181 real_choose_bitmap_format        [   0.08510] Adapter format is 23
d3d      D         d3d_disp.cpp:1184 real_choose_bitmap_format        [   0.08511] Found a format
d3d      I         d3d_disp.cpp:2283 _al_d3d_create_bitmap            [   0.08513] Chose bitmap format 9
dtor     D               dtor.c:184  _al_register_destructor          [   0.08531] added dtor for object 007EE400, func 541825BD
d3d      D          d3d_bmp.cpp:467  _al_d3d_sync_bitmap              [   0.08575] _al_d3d_sync_bitmap (system) ref count == 1
d3d      D          d3d_bmp.cpp:473  _al_d3d_sync_bitmap              [   0.08578] _al_d3d_sync_bitmap (video) ref count == 1
d3d      D         d3d_disp.cpp:1166 real_choose_bitmap_format        [   0.08668] Fake format
d3d      D         d3d_disp.cpp:1166 real_choose_bitmap_format        [   0.08670] Fake format
d3d      D         d3d_disp.cpp:1166 real_choose_bitmap_format        [   0.08672] Fake format
d3d      D         d3d_disp.cpp:1166 real_choose_bitmap_format        [   0.08673] Fake format
d3d      D         d3d_disp.cpp:1166 real_choose_bitmap_format        [   0.08675] Fake format
d3d      D         d3d_disp.cpp:1166 real_choose_bitmap_format        [   0.08676] Fake format
d3d      D         d3d_disp.cpp:1166 real_choose_bitmap_format        [   0.08678] Fake format
d3d      D         d3d_disp.cpp:1166 real_choose_bitmap_format        [   0.08679] Fake format
d3d      D         d3d_disp.cpp:1166 real_choose_bitmap_format        [   0.08680] Fake format
d3d      D         d3d_disp.cpp:1174 real_choose_bitmap_format        [   0.08682] Alpha doesn't match
d3d      D         d3d_disp.cpp:1181 real_choose_bitmap_format        [   0.08683] Adapter format is 23
d3d      D         d3d_disp.cpp:1184 real_choose_bitmap_format        [   0.08685] Found a format
d3d      I         d3d_disp.cpp:2283 _al_d3d_create_bitmap            [   0.08686] Chose bitmap format 9
dtor     D               dtor.c:184  _al_register_destructor          [   0.08709] added dtor for object 007EE5C8, func 541825BD
d3d      D          d3d_bmp.cpp:467  _al_d3d_sync_bitmap              [   0.08825] _al_d3d_sync_bitmap (system) ref count == 1
d3d      D          d3d_bmp.cpp:473  _al_d3d_sync_bitmap              [   0.08827] _al_d3d_sync_bitmap (video) ref count == 1
d3d      D         d3d_disp.cpp:1166 real_choose_bitmap_format        [   0.08937] Fake format
d3d      D         d3d_disp.cpp:1166 real_choose_bitmap_format        [   0.08940] Fake format
d3d      D         d3d_disp.cpp:1166 real_choose_bitmap_format        [   0.08942] Fake format
d3d      D         d3d_disp.cpp:1166 real_choose_bitmap_format        [   0.08944] Fake format
d3d      D         d3d_disp.cpp:1166 real_choose_bitmap_format        [   0.08945] Fake format
d3d      D         d3d_disp.cpp:1166 real_choose_bitmap_format        [   0.08946] Fake format
d3d      D         d3d_disp.cpp:1166 real_choose_bitmap_format        [   0.08948] Fake format
d3d      D         d3d_disp.cpp:1166 real_choose_bitmap_format        [   0.08949] Fake format
d3d      D         d3d_disp.cpp:1166 real_choose_bitmap_format        [   0.08951] Fake format
d3d      D         d3d_disp.cpp:1174 real_choose_bitmap_format        [   0.08952] Alpha doesn't match
d3d      D         d3d_disp.cpp:1181 real_choose_bitmap_format        [   0.08953] Adapter format is 23
d3d      D         d3d_disp.cpp:1184 real_choose_bitmap_format        [   0.08955] Found a format
d3d      I         d3d_disp.cpp:2283 _al_d3d_create_bitmap            [   0.08956] Chose bitmap format 9
dtor     D               dtor.c:184  _al_register_destructor          [   0.08971] added dtor for object 007EE7A0, func 541825BD
d3d      D          d3d_bmp.cpp:467  _al_d3d_sync_bitmap              [   0.09008] _al_d3d_sync_bitmap (system) ref count == 1
d3d      D          d3d_bmp.cpp:473  _al_d3d_sync_bitmap              [   0.09012] _al_d3d_sync_bitmap (video) ref count == 1
d3d      D         d3d_disp.cpp:1166 real_choose_bitmap_format        [   0.09081] Fake format
d3d      D         d3d_disp.cpp:1166 real_choose_bitmap_format        [   0.09084] Fake format
d3d      D         d3d_disp.cpp:1166 real_choose_bitmap_format        [   0.09085] Fake format
d3d      D         d3d_disp.cpp:1166 real_choose_bitmap_format        [   0.09087] Fake format
d3d      D         d3d_disp.cpp:1166 real_choose_bitmap_format        [   0.09088] Fake format
d3d      D         d3d_disp.cpp:1166 real_choose_bitmap_format        [   0.09090] Fake format
d3d      D         d3d_disp.cpp:1166 real_choose_bitmap_format        [   0.09091] Fake format
d3d      D         d3d_disp.cpp:1166 real_choose_bitmap_format        [   0.09092] Fake format
d3d      D         d3d_disp.cpp:1166 real_choose_bitmap_format        [   0.09094] Fake format
d3d      D         d3d_disp.cpp:1174 real_choose_bitmap_format        [   0.09095] Alpha doesn't match
d3d      D         d3d_disp.cpp:1181 real_choose_bitmap_format        [   0.09097] Adapter format is 23
d3d      D         d3d_disp.cpp:1184 real_choose_bitmap_format        [   0.09098] Found a format
d3d      I         d3d_disp.cpp:2283 _al_d3d_create_bitmap            [   0.09100] Chose bitmap format 9
dtor     D               dtor.c:184  _al_register_destructor          [   0.09137] added dtor for object 007EE968, func 541825BD
d3d      D          d3d_bmp.cpp:467  _al_d3d_sync_bitmap              [   0.09369] _al_d3d_sync_bitmap (system) ref count == 1
d3d      D          d3d_bmp.cpp:473  _al_d3d_sync_bitmap              [   0.09372] _al_d3d_sync_bitmap (video) ref count == 1
d3d      D         d3d_disp.cpp:1166 real_choose_bitmap_format        [   0.09618] Fake format
d3d      D         d3d_disp.cpp:1166 real_choose_bitmap_format        [   0.09620] Fake format
d3d      D         d3d_disp.cpp:1166 real_choose_bitmap_format        [   0.09622] Fake format
d3d      D         d3d_disp.cpp:1166 real_choose_bitmap_format        [   0.09624] Fake format
d3d      D         d3d_disp.cpp:1166 real_choose_bitmap_format        [   0.09625] Fake format
d3d      D         d3d_disp.cpp:1166 real_choose_bitmap_format        [   0.09627] Fake format
d3d      D         d3d_disp.cpp:1166 real_choose_bitmap_format        [   0.09628] Fake format
d3d      D         d3d_disp.cpp:1166 real_choose_bitmap_format        [   0.09629] Fake format
d3d      D         d3d_disp.cpp:1166 real_choose_bitmap_format        [   0.09631] Fake format
d3d      D         d3d_disp.cpp:1174 real_choose_bitmap_format        [   0.09632] Alpha doesn't match
d3d      D         d3d_disp.cpp:1181 real_choose_bitmap_format        [   0.09634] Adapter format is 23
d3d      D         d3d_disp.cpp:1184 real_choose_bitmap_format        [   0.09636] Found a format
d3d      I         d3d_disp.cpp:2283 _al_d3d_create_bitmap            [   0.09638] Chose bitmap format 9
dtor     D               dtor.c:184  _al_register_destructor          [   0.09680] added dtor for object 007EEBA0, func 541825BD
d3d      D          d3d_bmp.cpp:467  _al_d3d_sync_bitmap              [   0.10672] _al_d3d_sync_bitmap (system) ref count == 1
d3d      D          d3d_bmp.cpp:473  _al_d3d_sync_bitmap              [   0.10675] _al_d3d_sync_bitmap (video) ref count == 1
d3d      D         d3d_disp.cpp:1166 real_choose_bitmap_format        [   0.11233] Fake format
d3d      D         d3d_disp.cpp:1166 real_choose_bitmap_format        [   0.11235] Fake format
d3d      D         d3d_disp.cpp:1166 real_choose_bitmap_format        [   0.11235] Fake format
d3d      D         d3d_disp.cpp:1166 real_choose_bitmap_format        [   0.11236] Fake format
d3d      D         d3d_disp.cpp:1166 real_choose_bitmap_format        [   0.11237] Fake format
d3d      D         d3d_disp.cpp:1166 real_choose_bitmap_format        [   0.11238] Fake format
d3d      D         d3d_disp.cpp:1166 real_choose_bitmap_format        [   0.11239] Fake format
d3d      D         d3d_disp.cpp:1166 real_choose_bitmap_format        [   0.11239] Fake format
d3d      D         d3d_disp.cpp:1166 real_choose_bitmap_format        [   0.11240] Fake format
d3d      D         d3d_disp.cpp:1174 real_choose_bitmap_format        [   0.11241] Alpha doesn't match
d3d      D         d3d_disp.cpp:1181 real_choose_bitmap_format        [   0.11242] Adapter format is 23
d3d      D         d3d_disp.cpp:1184 real_choose_bitmap_format        [   0.11242] Found a format
d3d      I         d3d_disp.cpp:2283 _al_d3d_create_bitmap            [   0.11243] Chose bitmap format 9
dtor     D               dtor.c:184  _al_register_destructor          [   0.11270] added dtor for object 007EED78, func 541825BD
d3d      D          d3d_bmp.cpp:467  _al_d3d_sync_bitmap              [   0.11299] _al_d3d_sync_bitmap (system) ref count == 1
d3d      D          d3d_bmp.cpp:473  _al_d3d_sync_bitmap              [   0.11300] _al_d3d_sync_bitmap (video) ref count == 1
d3d      D         d3d_disp.cpp:1166 real_choose_bitmap_format        [   0.11386] Fake format
d3d      D         d3d_disp.cpp:1166 real_choose_bitmap_format        [   0.11387] Fake format
d3d      D         d3d_disp.cpp:1166 real_choose_bitmap_format        [   0.11388] Fake format
d3d      D         d3d_disp.cpp:1166 real_choose_bitmap_format        [   0.11389] Fake format
d3d      D         d3d_disp.cpp:1166 real_choose_bitmap_format        [   0.11390] Fake format
d3d      D         d3d_disp.cpp:1166 real_choose_bitmap_format        [   0.11391] Fake format
d3d      D         d3d_disp.cpp:1166 real_choose_bitmap_format        [   0.11391] Fake format
d3d      D         d3d_disp.cpp:1166 real_choose_bitmap_format        [   0.11392] Fake format
d3d      D         d3d_disp.cpp:1166 real_choose_bitmap_format        [   0.11393] Fake format
d3d      D         d3d_disp.cpp:1174 real_choose_bitmap_format        [   0.11394] Alpha doesn't match
d3d      D         d3d_disp.cpp:1181 real_choose_bitmap_format        [   0.11394] Adapter format is 23
d3d      D         d3d_disp.cpp:1184 real_choose_bitmap_format        [   0.11395] Found a format
d3d      I         d3d_disp.cpp:2283 _al_d3d_create_bitmap            [   0.11396] Chose bitmap format 9
dtor     D               dtor.c:184  _al_register_destructor          [   0.11417] added dtor for object 03E32C20, func 541825BD
d3d      D          d3d_bmp.cpp:467  _al_d3d_sync_bitmap              [   0.11446] _al_d3d_sync_bitmap (system) ref count == 1
d3d      D          d3d_bmp.cpp:473  _al_d3d_sync_bitmap              [   0.11448] _al_d3d_sync_bitmap (video) ref count == 1
d3d      D         d3d_disp.cpp:1166 real_choose_bitmap_format        [   0.11523] Fake format
d3d      D         d3d_disp.cpp:1166 real_choose_bitmap_format        [   0.11530] Fake format
d3d      D         d3d_disp.cpp:1166 real_choose_bitmap_format        [   0.11531] Fake format
d3d      D         d3d_disp.cpp:1166 real_choose_bitmap_format        [   0.11532] Fake format
d3d      D         d3d_disp.cpp:1166 real_choose_bitmap_format        [   0.11533] Fake format
d3d      D         d3d_disp.cpp:1166 real_choose_bitmap_format        [   0.11533] Fake format
d3d      D         d3d_disp.cpp:1166 real_choose_bitmap_format        [   0.11534] Fake format
d3d      D         d3d_disp.cpp:1166 real_choose_bitmap_format        [   0.11535] Fake format
d3d      D         d3d_disp.cpp:1166 real_choose_bitmap_format        [   0.11536] Fake format
d3d      D         d3d_disp.cpp:1174 real_choose_bitmap_format        [   0.11536] Alpha doesn't match
d3d      D         d3d_disp.cpp:1181 real_choose_bitmap_format        [   0.11537] Adapter format is 23
d3d      D         d3d_disp.cpp:1184 real_choose_bitmap_format        [   0.11538] Found a format
d3d      I         d3d_disp.cpp:2283 _al_d3d_create_bitmap            [   0.11539] Chose bitmap format 9
dtor     D               dtor.c:184  _al_register_destructor          [   0.11575] added dtor for object 03E391C8, func 541825BD
d3d      D          d3d_bmp.cpp:467  _al_d3d_sync_bitmap              [   0.11614] _al_d3d_sync_bitmap (system) ref count == 1
d3d      D          d3d_bmp.cpp:473  _al_d3d_sync_bitmap              [   0.11616] _al_d3d_sync_bitmap (video) ref count == 1
d3d      D         d3d_disp.cpp:1166 real_choose_bitmap_format        [   0.11694] Fake format
d3d      D         d3d_disp.cpp:1166 real_choose_bitmap_format        [   0.11695] Fake format
d3d      D         d3d_disp.cpp:1166 real_choose_bitmap_format        [   0.11696] Fake format
d3d      D         d3d_disp.cpp:1166 real_choose_bitmap_format        [   0.11697] Fake format
d3d      D         d3d_disp.cpp:1166 real_choose_bitmap_format        [   0.11698] Fake format
d3d      D         d3d_disp.cpp:1166 real_choose_bitmap_format        [   0.11699] Fake format
d3d      D         d3d_disp.cpp:1166 real_choose_bitmap_format        [   0.11699] Fake format
d3d      D         d3d_disp.cpp:1166 real_choose_bitmap_format        [   0.11700] Fake format
d3d      D         d3d_disp.cpp:1166 real_choose_bitmap_format        [   0.11701] Fake format
d3d      D         d3d_disp.cpp:1174 real_choose_bitmap_format        [   0.11702] Alpha doesn't match
d3d      D         d3d_disp.cpp:1181 real_choose_bitmap_format        [   0.11702] Adapter format is 23
d3d      D         d3d_disp.cpp:1184 real_choose_bitmap_format        [   0.11703] Found a format
d3d      I         d3d_disp.cpp:2283 _al_d3d_create_bitmap            [   0.11704] Chose bitmap format 9
dtor     D               dtor.c:184  _al_register_destructor          [   0.11712] added dtor for object 03E43058, func 541825BD
d3d      D          d3d_bmp.cpp:467  _al_d3d_sync_bitmap              [   0.11961] _al_d3d_sync_bitmap (system) ref count == 1
d3d      D          d3d_bmp.cpp:473  _al_d3d_sync_bitmap              [   0.11963] _al_d3d_sync_bitmap (video) ref count == 1
d3d      D          d3d_bmp.cpp:467  _al_d3d_sync_bitmap              [   0.12021] _al_d3d_sync_bitmap (system) ref count == 1
d3d      D          d3d_bmp.cpp:473  _al_d3d_sync_bitmap              [   0.12023] _al_d3d_sync_bitmap (video) ref count == 1
d3d      D          d3d_bmp.cpp:467  _al_d3d_sync_bitmap              [   0.12149] _al_d3d_sync_bitmap (system) ref count == 1
d3d      D          d3d_bmp.cpp:473  _al_d3d_sync_bitmap              [   0.12151] _al_d3d_sync_bitmap (video) ref count == 1
d3d      D          d3d_bmp.cpp:467  _al_d3d_sync_bitmap              [   0.12203] _al_d3d_sync_bitmap (system) ref count == 1
d3d      D          d3d_bmp.cpp:473  _al_d3d_sync_bitmap              [   0.12204] _al_d3d_sync_bitmap (video) ref count == 1
d3d      D          d3d_bmp.cpp:467  _al_d3d_sync_bitmap              [   0.12297] _al_d3d_sync_bitmap (system) ref count == 1
d3d      D          d3d_bmp.cpp:473  _al_d3d_sync_bitmap              [   0.12300] _al_d3d_sync_bitmap (video) ref count == 1
d3d      D          d3d_bmp.cpp:467  _al_d3d_sync_bitmap              [   0.12364] _al_d3d_sync_bitmap (system) ref count == 1
d3d      D          d3d_bmp.cpp:473  _al_d3d_sync_bitmap              [   0.12366] _al_d3d_sync_bitmap (video) ref count == 1
d3d      D          d3d_bmp.cpp:467  _al_d3d_sync_bitmap              [   0.12408] _al_d3d_sync_bitmap (system) ref count == 1
d3d      D          d3d_bmp.cpp:473  _al_d3d_sync_bitmap              [   0.12410] _al_d3d_sync_bitmap (video) ref count == 1
d3d      D          d3d_bmp.cpp:467  _al_d3d_sync_bitmap              [   0.12458] _al_d3d_sync_bitmap (system) ref count == 1
d3d      D          d3d_bmp.cpp:473  _al_d3d_sync_bitmap              [   0.12460] _al_d3d_sync_bitmap (video) ref count == 1
d3d      D          d3d_bmp.cpp:467  _al_d3d_sync_bitmap              [   0.12604] _al_d3d_sync_bitmap (system) ref count == 1
d3d      D          d3d_bmp.cpp:473  _al_d3d_sync_bitmap              [   0.12606] _al_d3d_sync_bitmap (video) ref count == 1
d3d      D          d3d_bmp.cpp:467  _al_d3d_sync_bitmap              [   0.12834] _al_d3d_sync_bitmap (system) ref count == 1
d3d      D          d3d_bmp.cpp:473  _al_d3d_sync_bitmap              [   0.12836] _al_d3d_sync_bitmap (video) ref count == 1
d3d      D          d3d_bmp.cpp:467  _al_d3d_sync_bitmap              [   0.13809] _al_d3d_sync_bitmap (system) ref count == 1
d3d      D          d3d_bmp.cpp:473  _al_d3d_sync_bitmap              [   0.13811] _al_d3d_sync_bitmap (video) ref count == 1
font     D                ttf.c:792  al_load_ttf_font_stretch_f       [   0.14035] Font arial.ttf loaded with pixel size 0 x 18.
font     D                ttf.c:794  al_load_ttf_font_stretch_f       [   0.14037]     ascent=16.0, descent=-4.0, height=21.0
dtor     D               dtor.c:184  _al_register_destructor          [   0.14038] added dtor for object 03E6B700, func 54181B63
font     D                ttf.c:792  al_load_ttf_font_stretch_f       [   0.14099] Font arial.ttf loaded with pixel size 0 x 18.
font     D                ttf.c:794  al_load_ttf_font_stretch_f       [   0.14100]     ascent=16.0, descent=-4.0, height=21.0
dtor     D               dtor.c:184  _al_register_destructor          [   0.14102] added dtor for object 03E93448, func 54181B63
font     D                ttf.c:792  al_load_ttf_font_stretch_f       [   0.14363] Font arial.ttf loaded with pixel size 0 x 18.
font     D                ttf.c:794  al_load_ttf_font_stretch_f       [   0.14364]     ascent=16.0, descent=-4.0, height=21.0
dtor     D               dtor.c:184  _al_register_destructor          [   0.14366] added dtor for object 03EBBD28, func 54181B63
font     D                ttf.c:792  al_load_ttf_font_stretch_f       [   0.14538] Font arial.ttf loaded with pixel size 0 x 18.
font     D                ttf.c:794  al_load_ttf_font_stretch_f       [   0.14539]     ascent=16.0, descent=-4.0, height=21.0
dtor     D               dtor.c:184  _al_register_destructor          [   0.14541] added dtor for object 03EE3D68, func 54181B63
font     D                ttf.c:792  al_load_ttf_font_stretch_f       [   0.14638] Font arial.ttf loaded with pixel size 0 x 18.
font     D                ttf.c:794  al_load_ttf_font_stretch_f       [   0.14639]     ascent=16.0, descent=-4.0, height=21.0
dtor     D               dtor.c:184  _al_register_destructor          [   0.14641] added dtor for object 047E9F00, func 54181B63
font     D                ttf.c:792  al_load_ttf_font_stretch_f       [   0.14687] Font arial.ttf loaded with pixel size 0 x 18.
font     D                ttf.c:794  al_load_ttf_font_stretch_f       [   0.14688]     ascent=16.0, descent=-4.0, height=21.0
dtor     D               dtor.c:184  _al_register_destructor          [   0.14690] added dtor for object 048078A0, func 54181B63
font     D                ttf.c:792  al_load_ttf_font_stretch_f       [   0.14744] Font arial.ttf loaded with pixel size 0 x 18.
font     D                ttf.c:794  al_load_ttf_font_stretch_f       [   0.14746]     ascent=16.0, descent=-4.0, height=21.0
dtor     D               dtor.c:184  _al_register_destructor          [   0.14748] added dtor for object 0482C820, func 54181B63
font     D                ttf.c:792  al_load_ttf_font_stretch_f       [   0.14820] Font arial.ttf loaded with pixel size 0 x 18.
font     D                ttf.c:794  al_load_ttf_font_stretch_f       [   0.14821]     ascent=16.0, descent=-4.0, height=21.0
dtor     D               dtor.c:184  _al_register_destructor          [   0.14823] added dtor for object 048547B8, func 54181B63
font     D                ttf.c:792  al_load_ttf_font_stretch_f       [   0.14916] Font arial.ttf loaded with pixel size 0 x 18.
font     D                ttf.c:794  al_load_ttf_font_stretch_f       [   0.14917]     ascent=16.0, descent=-4.0, height=21.0
dtor     D               dtor.c:184  _al_register_destructor          [   0.14919] added dtor for object 0487C8F0, func 54181B63
font     D                ttf.c:792  al_load_ttf_font_stretch_f       [   0.15006] Font arial.ttf loaded with pixel size 0 x 18.
font     D                ttf.c:794  al_load_ttf_font_stretch_f       [   0.15007]     ascent=16.0, descent=-4.0, height=21.0
dtor     D               dtor.c:184  _al_register_destructor          [   0.15009] added dtor for object 048A4CC0, func 54181B63
d3d      D         d3d_disp.cpp:1166 real_choose_bitmap_format        [   0.17594] Fake format
d3d      D         d3d_disp.cpp:1166 real_choose_bitmap_format        [   0.17595] Fake format
d3d      D         d3d_disp.cpp:1166 real_choose_bitmap_format        [   0.17596] Fake format
d3d      D         d3d_disp.cpp:1166 real_choose_bitmap_format        [   0.17597] Fake format
d3d      D         d3d_disp.cpp:1166 real_choose_bitmap_format        [   0.17598] Fake format
d3d      D         d3d_disp.cpp:1166 real_choose_bitmap_format        [   0.17598] Fake format
d3d      D         d3d_disp.cpp:1166 real_choose_bitmap_format        [   0.17599] Fake format
d3d      D         d3d_disp.cpp:1166 real_choose_bitmap_format        [   0.17600] Fake format
d3d      D         d3d_disp.cpp:1166 real_choose_bitmap_format        [   0.17601] Fake format
d3d      D         d3d_disp.cpp:1174 real_choose_bitmap_format        [   0.17601] Alpha doesn't match
d3d      D         d3d_disp.cpp:1181 real_choose_bitmap_format        [   0.17602] Adapter format is 23
d3d      D         d3d_disp.cpp:1184 real_choose_bitmap_format        [   0.17603] Found a format
d3d      I         d3d_disp.cpp:2283 _al_d3d_create_bitmap            [   0.17604] Chose bitmap format 9
font     D                ttf.c:217  alloc_glyph_region               [   0.17725] Glyph 57: 15x15 (16x16)
d3d      D          d3d_bmp.cpp:467  _al_d3d_sync_bitmap              [   0.17756] _al_d3d_sync_bitmap (system) ref count == 1
d3d      D          d3d_bmp.cpp:473  _al_d3d_sync_bitmap              [   0.17757] _al_d3d_sync_bitmap (video) ref count == 2
font     D                ttf.c:217  alloc_glyph_region               [   0.17931] Glyph 76: 4x15 (4x16)
d3d      D          d3d_bmp.cpp:467  _al_d3d_sync_bitmap              [   0.18559] _al_d3d_sync_bitmap (system) ref count == 1
d3d      D          d3d_bmp.cpp:473  _al_d3d_sync_bitmap              [   0.18561] _al_d3d_sync_bitmap (video) ref count == 2
font     D                ttf.c:217  alloc_glyph_region               [   0.18682] Glyph 81: 10x12 (12x12)
d3d      D          d3d_bmp.cpp:467  _al_d3d_sync_bitmap              [   0.18701] _al_d3d_sync_bitmap (system) ref count == 1
d3d      D          d3d_bmp.cpp:473  _al_d3d_sync_bitmap              [   0.18702] _al_d3d_sync_bitmap (video) ref count == 2
font     D                ttf.c:217  alloc_glyph_region               [   0.18743] Glyph 87: 6x16 (8x16)
d3d      D          d3d_bmp.cpp:467  _al_d3d_sync_bitmap              [   0.18762] _al_d3d_sync_bitmap (system) ref count == 1
d3d      D          d3d_bmp.cpp:473  _al_d3d_sync_bitmap              [   0.18763] _al_d3d_sync_bitmap (video) ref count == 2
font     D                ttf.c:217  alloc_glyph_region               [   0.18810] Glyph 68: 10x12 (12x12)
d3d      D          d3d_bmp.cpp:467  _al_d3d_sync_bitmap              [   0.18992] _al_d3d_sync_bitmap (system) ref count == 1
d3d      D          d3d_bmp.cpp:473  _al_d3d_sync_bitmap              [   0.18995] _al_d3d_sync_bitmap (video) ref count == 2
font     D                ttf.c:217  alloc_glyph_region               [   0.19038] Glyph 74: 11x16 (12x16)
d3d      D          d3d_bmp.cpp:467  _al_d3d_sync_bitmap              [   0.19055] _al_d3d_sync_bitmap (system) ref count == 1
d3d      D          d3d_bmp.cpp:473  _al_d3d_sync_bitmap              [   0.19056] _al_d3d_sync_bitmap (video) ref count == 2
font     D                ttf.c:217  alloc_glyph_region               [   0.19097] Glyph 72: 10x12 (12x12)
d3d      D          d3d_bmp.cpp:467  _al_d3d_sync_bitmap              [   0.19106] _al_d3d_sync_bitmap (system) ref count == 1
d3d      D          d3d_bmp.cpp:473  _al_d3d_sync_bitmap              [   0.19107] _al_d3d_sync_bitmap (video) ref count == 2
font     D                ttf.c:406  cache_glyph                      [   0.19133] Glyph 3 has zero size.
font     D                ttf.c:217  alloc_glyph_region               [   0.19143] Glyph 53: 14x15 (16x16)
d3d      D          d3d_bmp.cpp:467  _al_d3d_sync_bitmap              [   0.19158] _al_d3d_sync_bitmap (system) ref count == 1
d3d      D          d3d_bmp.cpp:473  _al_d3d_sync_bitmap              [   0.19160] _al_d3d_sync_bitmap (video) ref count == 2
font     D                ttf.c:217  alloc_glyph_region               [   0.19282] Glyph 51: 12x15 (12x16)
d3d      D          d3d_bmp.cpp:467  _al_d3d_sync_bitmap              [   0.19295] _al_d3d_sync_bitmap (system) ref count == 1
d3d      D          d3d_bmp.cpp:473  _al_d3d_sync_bitmap              [   0.19297] _al_d3d_sync_bitmap (video) ref count == 2
font     D                ttf.c:217  alloc_glyph_region               [   0.19336] Glyph 42: 14x15 (16x16)
d3d      D          d3d_bmp.cpp:467  _al_d3d_sync_bitmap              [   0.19345] _al_d3d_sync_bitmap (system) ref count == 1
d3d      D          d3d_bmp.cpp:473  _al_d3d_sync_bitmap              [   0.19346] _al_d3d_sync_bitmap (video) ref count == 2
font     D                ttf.c:217  alloc_glyph_region               [   0.19384] Glyph 85: 7x12 (8x12)
d3d      D          d3d_bmp.cpp:467  _al_d3d_sync_bitmap              [   0.19393] _al_d3d_sync_bitmap (system) ref count == 1
d3d      D          d3d_bmp.cpp:473  _al_d3d_sync_bitmap              [   0.19394] _al_d3d_sync_bitmap (video) ref count == 2
font     D                ttf.c:217  alloc_glyph_region               [   0.19437] Glyph 86: 9x12 (12x12)
d3d      D          d3d_bmp.cpp:467  _al_d3d_sync_bitmap              [   0.19444] _al_d3d_sync_bitmap (system) ref count == 1
d3d      D          d3d_bmp.cpp:473  _al_d3d_sync_bitmap              [   0.19446] _al_d3d_sync_bitmap (video) ref count == 2
font     D                ttf.c:217  alloc_glyph_region               [   0.19489] Glyph 54: 12x15 (12x16)
d3d      D          d3d_bmp.cpp:467  _al_d3d_sync_bitmap              [   0.19496] _al_d3d_sync_bitmap (system) ref count == 1
d3d      D          d3d_bmp.cpp:473  _al_d3d_sync_bitmap              [   0.19497] _al_d3d_sync_bitmap (video) ref count == 2
font     D                ttf.c:217  alloc_glyph_region               [   0.19537] Glyph 83: 10x16 (12x16)
d3d      D          d3d_bmp.cpp:467  _al_d3d_sync_bitmap              [   0.19544] _al_d3d_sync_bitmap (system) ref count == 1
d3d      D          d3d_bmp.cpp:473  _al_d3d_sync_bitmap              [   0.19545] _al_d3d_sync_bitmap (video) ref count == 2
font     D                ttf.c:217  alloc_glyph_region               [   0.19587] Glyph 70: 10x12 (12x12)
d3d      D          d3d_bmp.cpp:467  _al_d3d_sync_bitmap              [   0.19594] _al_d3d_sync_bitmap (system) ref count == 1
d3d      D          d3d_bmp.cpp:473  _al_d3d_sync_bitmap              [   0.19596] _al_d3d_sync_bitmap (video) ref count == 2
font     D                ttf.c:217  alloc_glyph_region               [   0.19637] Glyph 82: 10x12 (12x12)
d3d      D          d3d_bmp.cpp:467  _al_d3d_sync_bitmap              [   0.19644] _al_d3d_sync_bitmap (system) ref count == 1
d3d      D          d3d_bmp.cpp:473  _al_d3d_sync_bitmap              [   0.19645] _al_d3d_sync_bitmap (video) ref count == 2
font     D                ttf.c:217  alloc_glyph_region               [   0.19685] Glyph 37: 12x15 (12x16)
d3d      D          d3d_bmp.cpp:467  _al_d3d_sync_bitmap              [   0.19692] _al_d3d_sync_bitmap (system) ref count == 1
d3d      D          d3d_bmp.cpp:473  _al_d3d_sync_bitmap              [   0.19694] _al_d3d_sync_bitmap (video) ref count == 2
d3d      D          d3d_bmp.cpp:467  _al_d3d_sync_bitmap              [   0.19779] _al_d3d_sync_bitmap (system) ref count == 1
d3d      D          d3d_bmp.cpp:473  _al_d3d_sync_bitmap              [   0.19782] _al_d3d_sync_bitmap (video) ref count == 2
d3d      D          d3d_bmp.cpp:467  _al_d3d_sync_bitmap              [   0.19796] _al_d3d_sync_bitmap (system) ref count == 1
d3d      D          d3d_bmp.cpp:473  _al_d3d_sync_bitmap              [   0.19797] _al_d3d_sync_bitmap (video) ref count == 2
d3d      D          d3d_bmp.cpp:467  _al_d3d_sync_bitmap              [   0.19810] _al_d3d_sync_bitmap (system) ref count == 1
d3d      D          d3d_bmp.cpp:473  _al_d3d_sync_bitmap              [   0.19812] _al_d3d_sync_bitmap (video) ref count == 2
d3d      D          d3d_bmp.cpp:467  _al_d3d_sync_bitmap              [   0.19828] _al_d3d_sync_bitmap (system) ref count == 1
d3d      D          d3d_bmp.cpp:473  _al_d3d_sync_bitmap              [   0.19830] _al_d3d_sync_bitmap (video) ref count == 2
d3d      D          d3d_bmp.cpp:467  _al_d3d_sync_bitmap              [   0.19842] _al_d3d_sync_bitmap (system) ref count == 1
d3d      D          d3d_bmp.cpp:473  _al_d3d_sync_bitmap              [   0.19843] _al_d3d_sync_bitmap (video) ref count == 2
d3d      D          d3d_bmp.cpp:467  _al_d3d_sync_bitmap              [   0.19867] _al_d3d_sync_bitmap (system) ref count == 1
d3d      D          d3d_bmp.cpp:473  _al_d3d_sync_bitmap              [   0.19868] _al_d3d_sync_bitmap (video) ref count == 2
d3d      D          d3d_bmp.cpp:467  _al_d3d_sync_bitmap              [   0.19922] _al_d3d_sync_bitmap (system) ref count == 1
d3d      D          d3d_bmp.cpp:473  _al_d3d_sync_bitmap              [   0.19923] _al_d3d_sync_bitmap (video) ref count == 2
d3d      D          d3d_bmp.cpp:467  _al_d3d_sync_bitmap              [   0.19941] _al_d3d_sync_bitmap (system) ref count == 1
d3d      D          d3d_bmp.cpp:473  _al_d3d_sync_bitmap              [   0.19943] _al_d3d_sync_bitmap (video) ref count == 2
d3d      D          d3d_bmp.cpp:467  _al_d3d_sync_bitmap              [   0.19961] _al_d3d_sync_bitmap (system) ref count == 1
d3d      D          d3d_bmp.cpp:473  _al_d3d_sync_bitmap              [   0.19963] _al_d3d_sync_bitmap (video) ref count == 2
d3d      D          d3d_bmp.cpp:467  _al_d3d_sync_bitmap              [   0.19980] _al_d3d_sync_bitmap (system) ref count == 1
d3d      D          d3d_bmp.cpp:473  _al_d3d_sync_bitmap              [   0.19982] _al_d3d_sync_bitmap (video) ref count == 2
d3d      D          d3d_bmp.cpp:467  _al_d3d_sync_bitmap              [   0.19993] _al_d3d_sync_bitmap (system) ref count == 1
d3d      D          d3d_bmp.cpp:473  _al_d3d_sync_bitmap              [   0.19994] _al_d3d_sync_bitmap (video) ref count == 2
d3d      I         d3d_disp.cpp:921  d3d_destroy_display              [   1.12899] destroying display 007E53C8 (current 00000000)
bitmap   D             bitmap.c:548  _al_convert_to_memory_bitmap     [   1.12905] converting display bitmap 048A9108 to memory bitmap
d3d      D          d3d_bmp.cpp:467  _al_d3d_sync_bitmap              [   1.12991] _al_d3d_sync_bitmap (system) ref count == 1
d3d      D          d3d_bmp.cpp:473  _al_d3d_sync_bitmap              [   1.12993] _al_d3d_sync_bitmap (video) ref count == 2
d3d      W          d3d_bmp.cpp:743  d3d_destroy_bitmap               [   1.13048] d3d_destroy_bitmap: Release video texture failed.
bitmap   D             bitmap.c:548  _al_convert_to_memory_bitmap     [   1.13096] converting display bitmap 03E43058 to memory bitmap
d3d      D          d3d_bmp.cpp:467  _al_d3d_sync_bitmap              [   1.13103] _al_d3d_sync_bitmap (system) ref count == 1
d3d      D          d3d_bmp.cpp:473  _al_d3d_sync_bitmap              [   1.13105] _al_d3d_sync_bitmap (video) ref count == 2
d3d      W          d3d_bmp.cpp:743  d3d_destroy_bitmap               [   1.13133] d3d_destroy_bitmap: Release video texture failed.
bitmap   D             bitmap.c:548  _al_convert_to_memory_bitmap     [   1.13150] converting display bitmap 03E391C8 to memory bitmap
d3d      D          d3d_bmp.cpp:467  _al_d3d_sync_bitmap              [   1.13167] _al_d3d_sync_bitmap (system) ref count == 1
d3d      D          d3d_bmp.cpp:473  _al_d3d_sync_bitmap              [   1.13169] _al_d3d_sync_bitmap (video) ref count == 2
d3d      W          d3d_bmp.cpp:743  d3d_destroy_bitmap               [   1.13195] d3d_destroy_bitmap: Release video texture failed.
bitmap   D             bitmap.c:548  _al_convert_to_memory_bitmap     [   1.13210] converting display bitmap 03E32C20 to memory bitmap
d3d      D          d3d_bmp.cpp:467  _al_d3d_sync_bitmap              [   1.13224] _al_d3d_sync_bitmap (system) ref count == 1
d3d      D          d3d_bmp.cpp:473  _al_d3d_sync_bitmap              [   1.13226] _al_d3d_sync_bitmap (video) ref count == 2
d3d      W          d3d_bmp.cpp:743  d3d_destroy_bitmap               [   1.13251] d3d_destroy_bitmap: Release video texture failed.
bitmap   D             bitmap.c:548  _al_convert_to_memory_bitmap     [   1.13269] converting display bitmap 007EED78 to memory bitmap
d3d      D          d3d_bmp.cpp:467  _al_d3d_sync_bitmap              [   1.13279] _al_d3d_sync_bitmap (system) ref count == 1
d3d      D          d3d_bmp.cpp:473  _al_d3d_sync_bitmap              [   1.13280] _al_d3d_sync_bitmap (video) ref count == 2
d3d      W          d3d_bmp.cpp:743  d3d_destroy_bitmap               [   1.13303] d3d_destroy_bitmap: Release video texture failed.
bitmap   D             bitmap.c:548  _al_convert_to_memory_bitmap     [   1.13317] converting display bitmap 007EEBA0 to memory bitmap
d3d      D          d3d_bmp.cpp:467  _al_d3d_sync_bitmap              [   1.13401] _al_d3d_sync_bitmap (system) ref count == 1
d3d      D          d3d_bmp.cpp:473  _al_d3d_sync_bitmap              [   1.13403] _al_d3d_sync_bitmap (video) ref count == 2
d3d      W          d3d_bmp.cpp:743  d3d_destroy_bitmap               [   1.13464] d3d_destroy_bitmap: Release video texture failed.
bitmap   D             bitmap.c:548  _al_convert_to_memory_bitmap     [   1.13495] converting display bitmap 007EE968 to memory bitmap
d3d      D          d3d_bmp.cpp:467  _al_d3d_sync_bitmap              [   1.13525] _al_d3d_sync_bitmap (system) ref count == 1
d3d      D          d3d_bmp.cpp:473  _al_d3d_sync_bitmap              [   1.13527] _al_d3d_sync_bitmap (video) ref count == 2
d3d      W          d3d_bmp.cpp:743  d3d_destroy_bitmap               [   1.13561] d3d_destroy_bitmap: Release video texture failed.
bitmap   D             bitmap.c:548  _al_convert_to_memory_bitmap     [   1.13594] converting display bitmap 007EE7A0 to memory bitmap
d3d      D          d3d_bmp.cpp:467  _al_d3d_sync_bitmap              [   1.13602] _al_d3d_sync_bitmap (system) ref count == 1
d3d      D          d3d_bmp.cpp:473  _al_d3d_sync_bitmap              [   1.13604] _al_d3d_sync_bitmap (video) ref count == 2
d3d      W          d3d_bmp.cpp:743  d3d_destroy_bitmap               [   1.13630] d3d_destroy_bitmap: Release video texture failed.
bitmap   D             bitmap.c:548  _al_convert_to_memory_bitmap     [   1.13689] converting display bitmap 007EE5C8 to memory bitmap
d3d      D          d3d_bmp.cpp:467  _al_d3d_sync_bitmap              [   1.13702] _al_d3d_sync_bitmap (system) ref count == 1
d3d      D          d3d_bmp.cpp:473  _al_d3d_sync_bitmap              [   1.13705] _al_d3d_sync_bitmap (video) ref count == 2
d3d      W          d3d_bmp.cpp:743  d3d_destroy_bitmap               [   1.13732] d3d_destroy_bitmap: Release video texture failed.
bitmap   D             bitmap.c:548  _al_convert_to_memory_bitmap     [   1.13784] converting display bitmap 007EE400 to memory bitmap
d3d      D          d3d_bmp.cpp:467  _al_d3d_sync_bitmap              [   1.13791] _al_d3d_sync_bitmap (system) ref count == 1
d3d      D          d3d_bmp.cpp:473  _al_d3d_sync_bitmap              [   1.13793] _al_d3d_sync_bitmap (video) ref count == 2
d3d      W          d3d_bmp.cpp:743  d3d_destroy_bitmap               [   1.13820] d3d_destroy_bitmap: Release video texture failed.
bitmap   D             bitmap.c:548  _al_convert_to_memory_bitmap     [   1.13879] converting display bitmap 03E04FE0 to memory bitmap
d3d      D          d3d_bmp.cpp:467  _al_d3d_sync_bitmap              [   1.13888] _al_d3d_sync_bitmap (system) ref count == 1
d3d      D          d3d_bmp.cpp:473  _al_d3d_sync_bitmap              [   1.13890] _al_d3d_sync_bitmap (video) ref count == 2
d3d      W          d3d_bmp.cpp:743  d3d_destroy_bitmap               [   1.13918] d3d_destroy_bitmap: Release video texture failed.
d3d      D         d3d_disp.cpp:905  d3d_destroy_display_internals    [   1.13929] waiting for display 007E53C8's thread to end
d3d      W         d3d_disp.cpp:617  d3d_destroy_device               [   1.14532] d3d_destroy_device: ref count not 0
d3d      I         d3d_disp.cpp:1527 d3d_display_thread_proc          [   1.14954] d3d display thread exits
dtor     D               dtor.c:214  _al_unregister_destructor        [   1.16051] removed dtor for object 007EAA68
dtor     D               dtor.c:214  _al_unregister_destructor        [   1.16057] removed dtor for object 007EA8A0
dtor     D               dtor.c:214  _al_unregister_destructor        [   1.16061] removed dtor for object 048A4CC0
dtor     D               dtor.c:214  _al_unregister_destructor        [   1.16129] removed dtor for object 03E391C8
dtor     D               dtor.c:214  _al_unregister_destructor        [   1.16133] removed dtor for object 03E43058
dtor     D               dtor.c:214  _al_unregister_destructor        [   1.16136] removed dtor for object 007EE5C8
dtor     D               dtor.c:214  _al_unregister_destructor        [   1.16139] removed dtor for object 007EED78
dtor     D               dtor.c:214  _al_unregister_destructor        [   1.16141] removed dtor for object 007EE7A0
dtor     D               dtor.c:214  _al_unregister_destructor        [   1.16144] removed dtor for object 007EE400
dtor     D               dtor.c:214  _al_unregister_destructor        [   1.16148] removed dtor for object 03E04FE0
dtor     D               dtor.c:214  _al_unregister_destructor        [   1.16152] removed dtor for object 007EE968
dtor     D               dtor.c:214  _al_unregister_destructor        [   1.16157] removed dtor for object 007EEBA0
dtor     D               dtor.c:214  _al_unregister_destructor        [   1.16169] removed dtor for object 03E32C20
dtor     D               dtor.c:114  _al_run_destructors              [   1.16179] calling dtor for object 0487C8F0, func 54181B63
dtor     D               dtor.c:214  _al_unregister_destructor        [   1.16181] removed dtor for object 0487C8F0
dtor     D               dtor.c:114  _al_run_destructors              [   1.16222] calling dtor for object 048547B8, func 54181B63
dtor     D               dtor.c:214  _al_unregister_destructor        [   1.16224] removed dtor for object 048547B8
dtor     D               dtor.c:114  _al_run_destructors              [   1.16265] calling dtor for object 0482C820, func 54181B63
dtor     D               dtor.c:214  _al_unregister_destructor        [   1.16267] removed dtor for object 0482C820
dtor     D               dtor.c:114  _al_run_destructors              [   1.16296] calling dtor for object 048078A0, func 54181B63
dtor     D               dtor.c:214  _al_unregister_destructor        [   1.16302] removed dtor for object 048078A0
dtor     D               dtor.c:114  _al_run_destructors              [   1.16329] calling dtor for object 047E9F00, func 54181B63
dtor     D               dtor.c:214  _al_unregister_destructor        [   1.16331] removed dtor for object 047E9F00
dtor     D               dtor.c:114  _al_run_destructors              [   1.16360] calling dtor for object 03EE3D68, func 54181B63
dtor     D               dtor.c:214  _al_unregister_destructor        [   1.16361] removed dtor for object 03EE3D68
dtor     D               dtor.c:114  _al_run_destructors              [   1.16404] calling dtor for object 03EBBD28, func 54181B63
dtor     D               dtor.c:214  _al_unregister_destructor        [   1.16406] removed dtor for object 03EBBD28
dtor     D               dtor.c:114  _al_run_destructors              [   1.16445] calling dtor for object 03E93448, func 54181B63
dtor     D               dtor.c:214  _al_unregister_destructor        [   1.16447] removed dtor for object 03E93448
dtor     D               dtor.c:114  _al_run_destructors              [   1.16487] calling dtor for object 03E6B700, func 54181B63
dtor     D               dtor.c:214  _al_unregister_destructor        [   1.16488] removed dtor for object 03E6B700
