C:\USERS\MIKE\DOCUMENTS\GITHUB\VINTAGE-RPG\VINTAGE-RPG\RELEASE\ADDABILITYTOCHARACTERINLIST.OBJ
C:\USERS\MIKE\DOCUMENTS\GITHUB\VINTAGE-RPG\VINTAGE-RPG\RELEASE\AREAMAP.OBJ
C:\USERS\MIKE\DOCUMENTS\GITHUB\VINTAGE-RPG\VINTAGE-RPG\RELEASE\BACKPACK.OBJ
C:\USERS\MIKE\DOCUMENTS\GITHUB\VINTAGE-RPG\VINTAGE-RPG\RELEASE\BACKSTAB.OBJ
C:\USERS\MIKE\DOCUMENTS\GITHUB\VINTAGE-RPG\VINTAGE-RPG\RELEASE\BATTLELOSS.OBJ
C:\USERS\MIKE\DOCUMENTS\GITHUB\VINTAGE-RPG\VINTAGE-RPG\RELEASE\BATTLEMANAGER.OBJ
C:\USERS\MIKE\DOCUMENTS\GITHUB\VINTAGE-RPG\VINTAGE-RPG\RELEASE\BATTLETRANS.OBJ
C:\USERS\MIKE\DOCUMENTS\GITHUB\VINTAGE-RPG\VINTAGE-RPG\RELEASE\BATTLETRANSITIONSCREEN.OBJ
C:\USERS\MIKE\DOCUMENTS\GITHUB\VINTAGE-RPG\VINTAGE-RPG\RELEASE\BATTLEVICTORY.OBJ
C:\USERS\MIKE\DOCUMENTS\GITHUB\VINTAGE-RPG\VINTAGE-RPG\RELEASE\CALCULATEREWARDS.OBJ
C:\USERS\MIKE\DOCUMENTS\GITHUB\VINTAGE-RPG\VINTAGE-RPG\RELEASE\CHAINLIGHTNING.OBJ
C:\USERS\MIKE\DOCUMENTS\GITHUB\VINTAGE-RPG\VINTAGE-RPG\RELEASE\CHANGECHARACTERHEIGHT.OBJ
C:\USERS\MIKE\DOCUMENTS\GITHUB\VINTAGE-RPG\VINTAGE-RPG\RELEASE\CHANGECHARACTERWIDTH.OBJ
C:\USERS\MIKE\DOCUMENTS\GITHUB\VINTAGE-RPG\VINTAGE-RPG\RELEASE\CHANGECREATUREIMAGE.OBJ
C:\USERS\MIKE\DOCUMENTS\GITHUB\VINTAGE-RPG\VINTAGE-RPG\RELEASE\CHARACTER.OBJ
C:\USERS\MIKE\DOCUMENTS\GITHUB\VINTAGE-RPG\VINTAGE-RPG\RELEASE\CHARACTERATTACK.OBJ
C:\USERS\MIKE\DOCUMENTS\GITHUB\VINTAGE-RPG\VINTAGE-RPG\RELEASE\CHARACTERLIST.OBJ
C:\USERS\MIKE\DOCUMENTS\GITHUB\VINTAGE-RPG\VINTAGE-RPG\RELEASE\CHARACTERMANIPULATION.OBJ
C:\USERS\MIKE\DOCUMENTS\GITHUB\VINTAGE-RPG\VINTAGE-RPG\RELEASE\CHARACTERMANIPULATIONSTORE.OBJ
C:\USERS\MIKE\DOCUMENTS\GITHUB\VINTAGE-RPG\VINTAGE-RPG\RELEASE\CHARSTATS.OBJ
C:\USERS\MIKE\DOCUMENTS\GITHUB\VINTAGE-RPG\VINTAGE-RPG\RELEASE\CHECKFORDEADENEMY.OBJ
C:\USERS\MIKE\DOCUMENTS\GITHUB\VINTAGE-RPG\VINTAGE-RPG\RELEASE\CHECKFORDEADPLAYER.OBJ
C:\Users\Mike\Documents\GitHub\Vintage-RPG\Vintage-RPG\Release\cl.command.1.tlog
C:\Users\Mike\Documents\GitHub\Vintage-RPG\Vintage-RPG\Release\CL.read.1.tlog
C:\Users\Mike\Documents\GitHub\Vintage-RPG\Vintage-RPG\Release\CL.write.1.tlog
C:\USERS\MIKE\DOCUMENTS\GITHUB\VINTAGE-RPG\VINTAGE-RPG\RELEASE\COLLISION.OBJ
C:\USERS\MIKE\DOCUMENTS\GITHUB\VINTAGE-RPG\VINTAGE-RPG\RELEASE\CONTROLS.OBJ
C:\USERS\MIKE\DOCUMENTS\GITHUB\VINTAGE-RPG\VINTAGE-RPG\RELEASE\CONVERSION.OBJ
C:\USERS\MIKE\DOCUMENTS\GITHUB\VINTAGE-RPG\VINTAGE-RPG\RELEASE\CURSOR.OBJ
C:\USERS\MIKE\DOCUMENTS\GITHUB\VINTAGE-RPG\VINTAGE-RPG\RELEASE\CUSTOMAREAMAP.OBJ
C:\USERS\MIKE\DOCUMENTS\GITHUB\VINTAGE-RPG\VINTAGE-RPG\RELEASE\CUTSCENE.OBJ
C:\USERS\MIKE\DOCUMENTS\GITHUB\VINTAGE-RPG\VINTAGE-RPG\RELEASE\DAGGER.OBJ
C:\USERS\MIKE\DOCUMENTS\GITHUB\VINTAGE-RPG\VINTAGE-RPG\RELEASE\DAMAGECALCULATIONS.OBJ
C:\USERS\MIKE\DOCUMENTS\GITHUB\VINTAGE-RPG\VINTAGE-RPG\RELEASE\DELAYINSECONDS.OBJ
C:\USERS\MIKE\DOCUMENTS\GITHUB\VINTAGE-RPG\VINTAGE-RPG\RELEASE\DIALOGUE.OBJ
C:\USERS\MIKE\DOCUMENTS\GITHUB\VINTAGE-RPG\VINTAGE-RPG\RELEASE\DRAW.OBJ
C:\USERS\MIKE\DOCUMENTS\GITHUB\VINTAGE-RPG\VINTAGE-RPG\RELEASE\DRAWRESPOSITORY.OBJ
C:\USERS\MIKE\DOCUMENTS\GITHUB\VINTAGE-RPG\VINTAGE-RPG\RELEASE\DRAWTEXTWITHBORDER.OBJ
C:\USERS\MIKE\DOCUMENTS\GITHUB\VINTAGE-RPG\VINTAGE-RPG\RELEASE\EARTHSHATTER.OBJ
C:\USERS\MIKE\DOCUMENTS\GITHUB\VINTAGE-RPG\VINTAGE-RPG\RELEASE\EASTERNCASTLE.OBJ
C:\USERS\MIKE\DOCUMENTS\GITHUB\VINTAGE-RPG\VINTAGE-RPG\RELEASE\EASTERNCASTLEBATTLE.OBJ
C:\USERS\MIKE\DOCUMENTS\GITHUB\VINTAGE-RPG\VINTAGE-RPG\RELEASE\ENEMYTURN.OBJ
C:\USERS\MIKE\DOCUMENTS\GITHUB\VINTAGE-RPG\VINTAGE-RPG\RELEASE\FALLINGIMAGE.OBJ
C:\USERS\MIKE\DOCUMENTS\GITHUB\VINTAGE-RPG\VINTAGE-RPG\RELEASE\FILTERIMAGE.OBJ
C:\USERS\MIKE\DOCUMENTS\GITHUB\VINTAGE-RPG\VINTAGE-RPG\RELEASE\FIRE2.OBJ
C:\USERS\MIKE\DOCUMENTS\GITHUB\VINTAGE-RPG\VINTAGE-RPG\RELEASE\FIRE3.OBJ
C:\USERS\MIKE\DOCUMENTS\GITHUB\VINTAGE-RPG\VINTAGE-RPG\RELEASE\FIREBALL.OBJ
C:\USERS\MIKE\DOCUMENTS\GITHUB\VINTAGE-RPG\VINTAGE-RPG\RELEASE\FLASHINGIMAGE.OBJ
C:\USERS\MIKE\DOCUMENTS\GITHUB\VINTAGE-RPG\VINTAGE-RPG\RELEASE\FLOATINGTEXT.OBJ
C:\USERS\MIKE\DOCUMENTS\GITHUB\VINTAGE-RPG\VINTAGE-RPG\RELEASE\FLOATINGTEXTLIST.OBJ
C:\USERS\MIKE\DOCUMENTS\GITHUB\VINTAGE-RPG\VINTAGE-RPG\RELEASE\FONTSTORE.OBJ
C:\USERS\MIKE\DOCUMENTS\GITHUB\VINTAGE-RPG\VINTAGE-RPG\RELEASE\FURYOFTHEFANG.OBJ
C:\USERS\MIKE\DOCUMENTS\GITHUB\VINTAGE-RPG\VINTAGE-RPG\RELEASE\GAINEDEXPERIENCEPOINTS.OBJ
C:\USERS\MIKE\DOCUMENTS\GITHUB\VINTAGE-RPG\VINTAGE-RPG\RELEASE\GAINEDITEM.OBJ
C:\USERS\MIKE\DOCUMENTS\GITHUB\VINTAGE-RPG\VINTAGE-RPG\RELEASE\GAINEDMONEY.OBJ
C:\USERS\MIKE\DOCUMENTS\GITHUB\VINTAGE-RPG\VINTAGE-RPG\RELEASE\GAMEMANAGER.OBJ
C:\USERS\MIKE\DOCUMENTS\GITHUB\VINTAGE-RPG\VINTAGE-RPG\RELEASE\GATHERQUEST.OBJ
C:\USERS\MIKE\DOCUMENTS\GITHUB\VINTAGE-RPG\VINTAGE-RPG\RELEASE\GENERICITEM.OBJ
C:\USERS\MIKE\DOCUMENTS\GITHUB\VINTAGE-RPG\VINTAGE-RPG\RELEASE\HEADBUTT.OBJ
C:\USERS\MIKE\DOCUMENTS\GITHUB\VINTAGE-RPG\VINTAGE-RPG\RELEASE\HEALINGACTIONS.OBJ
C:\USERS\MIKE\DOCUMENTS\GITHUB\VINTAGE-RPG\VINTAGE-RPG\RELEASE\HOMETOWN.OBJ
C:\USERS\MIKE\DOCUMENTS\GITHUB\VINTAGE-RPG\VINTAGE-RPG\RELEASE\HOMETOWNARMORY.OBJ
C:\USERS\MIKE\DOCUMENTS\GITHUB\VINTAGE-RPG\VINTAGE-RPG\RELEASE\HOMETOWNBAR.OBJ
C:\USERS\MIKE\DOCUMENTS\GITHUB\VINTAGE-RPG\VINTAGE-RPG\RELEASE\HOMETOWNSHOP.OBJ
C:\USERS\MIKE\DOCUMENTS\GITHUB\VINTAGE-RPG\VINTAGE-RPG\RELEASE\I_AI.OBJ
C:\USERS\MIKE\DOCUMENTS\GITHUB\VINTAGE-RPG\VINTAGE-RPG\RELEASE\I_ANIMATION.OBJ
C:\USERS\MIKE\DOCUMENTS\GITHUB\VINTAGE-RPG\VINTAGE-RPG\RELEASE\I_CHARACTERVALUESLIST.OBJ
C:\USERS\MIKE\DOCUMENTS\GITHUB\VINTAGE-RPG\VINTAGE-RPG\RELEASE\I_CREATURE.OBJ
C:\USERS\MIKE\DOCUMENTS\GITHUB\VINTAGE-RPG\VINTAGE-RPG\RELEASE\I_EVENT.OBJ
C:\USERS\MIKE\DOCUMENTS\GITHUB\VINTAGE-RPG\VINTAGE-RPG\RELEASE\I_INFOBOX.OBJ
C:\USERS\MIKE\DOCUMENTS\GITHUB\VINTAGE-RPG\VINTAGE-RPG\RELEASE\I_INVENTORYITEM.OBJ
C:\USERS\MIKE\DOCUMENTS\GITHUB\VINTAGE-RPG\VINTAGE-RPG\RELEASE\I_LIST.OBJ
C:\USERS\MIKE\DOCUMENTS\GITHUB\VINTAGE-RPG\VINTAGE-RPG\RELEASE\I_MANAGER.OBJ
C:\USERS\MIKE\DOCUMENTS\GITHUB\VINTAGE-RPG\VINTAGE-RPG\RELEASE\I_REWARD.OBJ
C:\USERS\MIKE\DOCUMENTS\GITHUB\VINTAGE-RPG\VINTAGE-RPG\RELEASE\IMAGESTORE.OBJ
C:\USERS\MIKE\DOCUMENTS\GITHUB\VINTAGE-RPG\VINTAGE-RPG\RELEASE\INFOTABLE.OBJ
C:\USERS\MIKE\DOCUMENTS\GITHUB\VINTAGE-RPG\VINTAGE-RPG\RELEASE\INITENEMIES.OBJ
C:\USERS\MIKE\DOCUMENTS\GITHUB\VINTAGE-RPG\VINTAGE-RPG\RELEASE\INITPLAYERS.OBJ
C:\USERS\MIKE\DOCUMENTS\GITHUB\VINTAGE-RPG\VINTAGE-RPG\RELEASE\INSIDECASTLE.OBJ
C:\USERS\MIKE\DOCUMENTS\GITHUB\VINTAGE-RPG\VINTAGE-RPG\RELEASE\INSIDECASTLEBATTLE.OBJ
C:\USERS\MIKE\DOCUMENTS\GITHUB\VINTAGE-RPG\VINTAGE-RPG\RELEASE\INSTRUCT.OBJ
C:\USERS\MIKE\DOCUMENTS\GITHUB\VINTAGE-RPG\VINTAGE-RPG\RELEASE\INTRO.OBJ
C:\USERS\MIKE\DOCUMENTS\GITHUB\VINTAGE-RPG\VINTAGE-RPG\RELEASE\ITEMLOCATIONWITHGIFT.OBJ
C:\USERS\MIKE\DOCUMENTS\GITHUB\VINTAGE-RPG\VINTAGE-RPG\RELEASE\JUMP.OBJ
C:\USERS\MIKE\DOCUMENTS\GITHUB\VINTAGE-RPG\VINTAGE-RPG\RELEASE\KILLQUEST.OBJ
C:\USERS\MIKE\DOCUMENTS\GITHUB\VINTAGE-RPG\VINTAGE-RPG\RELEASE\KNIFEBARRAGE.OBJ
C:\USERS\MIKE\DOCUMENTS\GITHUB\VINTAGE-RPG\VINTAGE-RPG\RELEASE\LANCE.OBJ
C:\USERS\MIKE\DOCUMENTS\GITHUB\VINTAGE-RPG\VINTAGE-RPG\RELEASE\LAYER.OBJ
C:\USERS\MIKE\DOCUMENTS\GITHUB\VINTAGE-RPG\VINTAGE-RPG\RELEASE\LEVELUPCALCULATIONS.OBJ
C:\USERS\MIKE\DOCUMENTS\GITHUB\VINTAGE-RPG\VINTAGE-RPG\RELEASE\LIGHTNING.OBJ
C:\Users\Mike\Documents\GitHub\Vintage-RPG\Vintage-RPG\Release\link.command.1.tlog
C:\Users\Mike\Documents\GitHub\Vintage-RPG\Vintage-RPG\Release\link.read.1.tlog
C:\Users\Mike\Documents\GitHub\Vintage-RPG\Vintage-RPG\Release\link.write.1.tlog
C:\USERS\MIKE\DOCUMENTS\GITHUB\VINTAGE-RPG\VINTAGE-RPG\RELEASE\LOADAMENU.OBJ
C:\USERS\MIKE\DOCUMENTS\GITHUB\VINTAGE-RPG\VINTAGE-RPG\RELEASE\LOADEXITSFORCASTLE.OBJ
C:\USERS\MIKE\DOCUMENTS\GITHUB\VINTAGE-RPG\VINTAGE-RPG\RELEASE\LOADEXITSFOREASTERNCASTLE.OBJ
C:\USERS\MIKE\DOCUMENTS\GITHUB\VINTAGE-RPG\VINTAGE-RPG\RELEASE\LOADEXITSFORHOMETOWN.OBJ
C:\USERS\MIKE\DOCUMENTS\GITHUB\VINTAGE-RPG\VINTAGE-RPG\RELEASE\LOADEXITSFORHOMETOWNARMORY.OBJ
C:\USERS\MIKE\DOCUMENTS\GITHUB\VINTAGE-RPG\VINTAGE-RPG\RELEASE\LOADEXITSFORHOMETOWNBAR.OBJ
C:\USERS\MIKE\DOCUMENTS\GITHUB\VINTAGE-RPG\VINTAGE-RPG\RELEASE\LOADEXITSFORHOMETOWNSHOP.OBJ
C:\USERS\MIKE\DOCUMENTS\GITHUB\VINTAGE-RPG\VINTAGE-RPG\RELEASE\LOADEXITSFORNOTHERNSNOW.OBJ
C:\USERS\MIKE\DOCUMENTS\GITHUB\VINTAGE-RPG\VINTAGE-RPG\RELEASE\LOADEXITSFORSOUTHERNFOREST.OBJ
C:\USERS\MIKE\DOCUMENTS\GITHUB\VINTAGE-RPG\VINTAGE-RPG\RELEASE\LOADEXITSFORWESTERNDESERT.OBJ
C:\USERS\MIKE\DOCUMENTS\GITHUB\VINTAGE-RPG\VINTAGE-RPG\RELEASE\MAIN.OBJ
C:\USERS\MIKE\DOCUMENTS\GITHUB\VINTAGE-RPG\VINTAGE-RPG\RELEASE\MAP.OBJ
C:\USERS\MIKE\DOCUMENTS\GITHUB\VINTAGE-RPG\VINTAGE-RPG\RELEASE\MENU.OBJ
C:\USERS\MIKE\DOCUMENTS\GITHUB\VINTAGE-RPG\VINTAGE-RPG\RELEASE\MENULIST.OBJ
C:\USERS\MIKE\DOCUMENTS\GITHUB\VINTAGE-RPG\VINTAGE-RPG\RELEASE\MOVEMENT.OBJ
C:\USERS\MIKE\DOCUMENTS\GITHUB\VINTAGE-RPG\VINTAGE-RPG\RELEASE\MOVINGCREATURE.OBJ
C:\USERS\MIKE\DOCUMENTS\GITHUB\VINTAGE-RPG\VINTAGE-RPG\RELEASE\MOVINGIMAGE.OBJ
C:\USERS\MIKE\DOCUMENTS\GITHUB\VINTAGE-RPG\VINTAGE-RPG\RELEASE\MOVINGTEXT.OBJ
C:\USERS\MIKE\DOCUMENTS\GITHUB\VINTAGE-RPG\VINTAGE-RPG\RELEASE\NORTHERNSNOW.OBJ
C:\USERS\MIKE\DOCUMENTS\GITHUB\VINTAGE-RPG\VINTAGE-RPG\RELEASE\NORTHERNSNOWBATTLE.OBJ
C:\USERS\MIKE\DOCUMENTS\GITHUB\VINTAGE-RPG\VINTAGE-RPG\RELEASE\NPCWITHDIALOGUE.OBJ
C:\USERS\MIKE\DOCUMENTS\GITHUB\VINTAGE-RPG\VINTAGE-RPG\RELEASE\NPCWITHDIALOGUEANDGIFT.OBJ
C:\USERS\MIKE\DOCUMENTS\GITHUB\VINTAGE-RPG\VINTAGE-RPG\RELEASE\NPCWITHDIALOGUEANDQUEST.OBJ
C:\USERS\MIKE\DOCUMENTS\GITHUB\VINTAGE-RPG\VINTAGE-RPG\RELEASE\NPCWITHDIALOGUEANDQUESTWITHITEMREWARD.OBJ
C:\USERS\MIKE\DOCUMENTS\GITHUB\VINTAGE-RPG\VINTAGE-RPG\RELEASE\NPCWITHDIALOGUETHENBATTLE.OBJ
C:\USERS\MIKE\DOCUMENTS\GITHUB\VINTAGE-RPG\VINTAGE-RPG\RELEASE\NPCWITHQUESTANDREMOVAL.OBJ
C:\USERS\MIKE\DOCUMENTS\GITHUB\VINTAGE-RPG\VINTAGE-RPG\RELEASE\PAUSEBATTLE.OBJ
C:\USERS\MIKE\DOCUMENTS\GITHUB\VINTAGE-RPG\VINTAGE-RPG\RELEASE\PLAYERENTITY.OBJ
C:\USERS\MIKE\DOCUMENTS\GITHUB\VINTAGE-RPG\VINTAGE-RPG\RELEASE\PLAYERTURN.OBJ
C:\USERS\MIKE\DOCUMENTS\GITHUB\VINTAGE-RPG\VINTAGE-RPG\RELEASE\POTION.OBJ
C:\USERS\MIKE\DOCUMENTS\GITHUB\VINTAGE-RPG\VINTAGE-RPG\RELEASE\PROCESSAI.OBJ
C:\USERS\MIKE\DOCUMENTS\GITHUB\VINTAGE-RPG\VINTAGE-RPG\RELEASE\PULSINGIMAGE.OBJ
C:\USERS\MIKE\DOCUMENTS\GITHUB\VINTAGE-RPG\VINTAGE-RPG\RELEASE\QUEST.OBJ
C:\USERS\MIKE\DOCUMENTS\GITHUB\VINTAGE-RPG\VINTAGE-RPG\RELEASE\QUESTLOG.OBJ
C:\USERS\MIKE\DOCUMENTS\GITHUB\VINTAGE-RPG\VINTAGE-RPG\RELEASE\RAIN.OBJ
C:\USERS\MIKE\DOCUMENTS\GITHUB\VINTAGE-RPG\VINTAGE-RPG\RELEASE\RATAI.OBJ
C:\USERS\MIKE\DOCUMENTS\GITHUB\VINTAGE-RPG\VINTAGE-RPG\RELEASE\RECOVER.OBJ
C:\USERS\MIKE\DOCUMENTS\GITHUB\VINTAGE-RPG\VINTAGE-RPG\RELEASE\REIGNOFWINTER.OBJ
C:\USERS\MIKE\DOCUMENTS\GITHUB\VINTAGE-RPG\VINTAGE-RPG\RELEASE\REMOVETANGIBLE.OBJ
C:\USERS\MIKE\DOCUMENTS\GITHUB\VINTAGE-RPG\VINTAGE-RPG\RELEASE\RESETTURNTIMER.OBJ
C:\USERS\MIKE\DOCUMENTS\GITHUB\VINTAGE-RPG\VINTAGE-RPG\RELEASE\REWARDABILITY.OBJ
C:\USERS\MIKE\DOCUMENTS\GITHUB\VINTAGE-RPG\VINTAGE-RPG\RELEASE\REWARDITEM.OBJ
C:\USERS\MIKE\DOCUMENTS\GITHUB\VINTAGE-RPG\VINTAGE-RPG\RELEASE\RIGHTTOLEFTIMAGE.OBJ
C:\Users\Mike\Documents\GitHub\Vintage-RPG\Vintage-RPG\Release\RPG.write.1.tlog
C:\USERS\MIKE\DOCUMENTS\GITHUB\VINTAGE-RPG\VINTAGE-RPG\RELEASE\SCENERY.OBJ
C:\USERS\MIKE\DOCUMENTS\GITHUB\VINTAGE-RPG\VINTAGE-RPG\RELEASE\SETCREATUREFACINGDIRECTION.OBJ
C:\USERS\MIKE\DOCUMENTS\GITHUB\VINTAGE-RPG\VINTAGE-RPG\RELEASE\SETFLOATINGTEXTLISTTOCHARACTERLIST.OBJ
C:\USERS\MIKE\DOCUMENTS\GITHUB\VINTAGE-RPG\VINTAGE-RPG\RELEASE\SETMENULISTTOCHARACTERLIST.OBJ
C:\USERS\MIKE\DOCUMENTS\GITHUB\VINTAGE-RPG\VINTAGE-RPG\RELEASE\SETTURNTIMERLISTTOCHARACTERLIST.OBJ
C:\USERS\MIKE\DOCUMENTS\GITHUB\VINTAGE-RPG\VINTAGE-RPG\RELEASE\SHADEOFTHECRESCENT.OBJ
C:\USERS\MIKE\DOCUMENTS\GITHUB\VINTAGE-RPG\VINTAGE-RPG\RELEASE\SHIELDBASH.OBJ
C:\USERS\MIKE\DOCUMENTS\GITHUB\VINTAGE-RPG\VINTAGE-RPG\RELEASE\SHOWACTIVEQUESTLOG.OBJ
C:\USERS\MIKE\DOCUMENTS\GITHUB\VINTAGE-RPG\VINTAGE-RPG\RELEASE\SHOWCOMPLETEDQUESTLOG.OBJ
C:\USERS\MIKE\DOCUMENTS\GITHUB\VINTAGE-RPG\VINTAGE-RPG\RELEASE\SHOWINVENTORY.OBJ
C:\USERS\MIKE\DOCUMENTS\GITHUB\VINTAGE-RPG\VINTAGE-RPG\RELEASE\SHOWPARTYSTATUS.OBJ
C:\USERS\MIKE\DOCUMENTS\GITHUB\VINTAGE-RPG\VINTAGE-RPG\RELEASE\SIMULTANEOUSANIMATIONS.OBJ
C:\USERS\MIKE\DOCUMENTS\GITHUB\VINTAGE-RPG\VINTAGE-RPG\RELEASE\SKEWER.OBJ
C:\USERS\MIKE\DOCUMENTS\GITHUB\VINTAGE-RPG\VINTAGE-RPG\RELEASE\SOUTHERNFOREST.OBJ
C:\USERS\MIKE\DOCUMENTS\GITHUB\VINTAGE-RPG\VINTAGE-RPG\RELEASE\SOUTHERNFORESTBATTLE.OBJ
C:\USERS\MIKE\DOCUMENTS\GITHUB\VINTAGE-RPG\VINTAGE-RPG\RELEASE\STAFF.OBJ
C:\USERS\MIKE\DOCUMENTS\GITHUB\VINTAGE-RPG\VINTAGE-RPG\RELEASE\STARTBATTLE.OBJ
C:\USERS\MIKE\DOCUMENTS\GITHUB\VINTAGE-RPG\VINTAGE-RPG\RELEASE\STATAUGMENT.OBJ
C:\USERS\MIKE\DOCUMENTS\GITHUB\VINTAGE-RPG\VINTAGE-RPG\RELEASE\STATS.OBJ
C:\USERS\MIKE\DOCUMENTS\GITHUB\VINTAGE-RPG\VINTAGE-RPG\RELEASE\STATSBYLEVEL.OBJ
C:\USERS\MIKE\DOCUMENTS\GITHUB\VINTAGE-RPG\VINTAGE-RPG\RELEASE\STATSBYLEVELSTORE.OBJ
C:\USERS\MIKE\DOCUMENTS\GITHUB\VINTAGE-RPG\VINTAGE-RPG\RELEASE\SWORD.OBJ
C:\USERS\MIKE\DOCUMENTS\GITHUB\VINTAGE-RPG\VINTAGE-RPG\RELEASE\TANGIBLE.OBJ
C:\USERS\MIKE\DOCUMENTS\GITHUB\VINTAGE-RPG\VINTAGE-RPG\RELEASE\TEXTBOX.OBJ
C:\USERS\MIKE\DOCUMENTS\GITHUB\VINTAGE-RPG\VINTAGE-RPG\RELEASE\THROWROCK.OBJ
C:\USERS\MIKE\DOCUMENTS\GITHUB\VINTAGE-RPG\VINTAGE-RPG\RELEASE\TRANSFERANIMATIONS.OBJ
C:\USERS\MIKE\DOCUMENTS\GITHUB\VINTAGE-RPG\VINTAGE-RPG\RELEASE\TREASUREBOX.OBJ
C:\USERS\MIKE\DOCUMENTS\GITHUB\VINTAGE-RPG\VINTAGE-RPG\RELEASE\TURNTIMER.OBJ
C:\USERS\MIKE\DOCUMENTS\GITHUB\VINTAGE-RPG\VINTAGE-RPG\RELEASE\TURNTIMERLIST.OBJ
C:\USERS\MIKE\DOCUMENTS\GITHUB\VINTAGE-RPG\VINTAGE-RPG\RELEASE\UNPAUSEBATTLE.OBJ
C:\USERS\MIKE\DOCUMENTS\GITHUB\VINTAGE-RPG\VINTAGE-RPG\RELEASE\UPDATEPLAYERSHP.OBJ
C:\USERS\MIKE\DOCUMENTS\GITHUB\VINTAGE-RPG\VINTAGE-RPG\RELEASE\VC100.PDB
C:\USERS\MIKE\DOCUMENTS\GITHUB\VINTAGE-RPG\VINTAGE-RPG\RELEASE\WESTERNDESERT.OBJ
C:\USERS\MIKE\DOCUMENTS\GITHUB\VINTAGE-RPG\VINTAGE-RPG\RELEASE\WESTERNDESERTBATTLE.OBJ
C:\USERS\MIKE\DOCUMENTS\GITHUB\VINTAGE-RPG\VINTAGE-RPG\RELEASE\XPTOLEVEL.OBJ
