Build started 4/6/2014 10:35:37 AM.
     1>Project "C:\Users\Mike\Documents\Visual Studio 2010\Projects\Trying Allegro 2\Trying Allegro\Trying Allegro.vcxproj" on node 2 (build target(s)).
     1>InitializeBuildStatus:
         Creating "Release\Trying Allegro.unsuccessfulbuild" because "AlwaysCreate" was specified.
       ClCompile:
         All outputs are up-to-date.
       Link:
         All outputs are up-to-date.
         c:\Program Files (x86)\Microsoft Visual Studio 10.0\VC\bin\link.exe /ERRORREPORT:PROMPT /OUT:"C:\Users\Mike\Documents\Visual Studio 2010\Projects\Trying Allegro 2\Release\Trying Allegro.exe" /NOLOGO /LIBPATH:c:\allegro\lib kernel32.lib user32.lib gdi32.lib winspool.lib comdlg32.lib advapi32.lib shell32.lib ole32.lib oleaut32.lib uuid.lib odbc32.lib odbccp32.lib kernel32.lib user32.lib gdi32.lib winspool.lib comdlg32.lib advapi32.lib shell32.lib ole32.lib oleaut32.lib uuid.lib odbc32.lib odbccp32.lib "allegro-5.0.10-monolith-mt.lib" /MANIFEST /ManifestFile:"Release\Trying Allegro.exe.intermediate.manifest" /MANIFESTUAC:"level='asInvoker' uiAccess='false'" /DEBUG /PDB:"C:\Users\Mike\Documents\Visual Studio 2010\Projects\Trying Allegro 2\Release\Trying Allegro.pdb" /OPT:REF /OPT:ICF /LTCG /TLBID:1 /DYNAMICBASE /NXCOMPAT /IMPLIB:"C:\Users\Mike\Documents\Visual Studio 2010\Projects\Trying Allegro 2\Release\Trying Allegro.lib" /MACHINE:X86 Release\main.obj
         Generating code
         Finished generating code
         Trying Allegro.vcxproj -> C:\Users\Mike\Documents\Visual Studio 2010\Projects\Trying Allegro 2\Release\Trying Allegro.exe
       Manifest:
         C:\Program Files (x86)\Microsoft SDKs\Windows\v7.0A\bin\mt.exe /nologo /verbose /outputresource:"C:\Users\Mike\Documents\Visual Studio 2010\Projects\Trying Allegro 2\Release\Trying Allegro.exe;#1" /manifest "Release\Trying Allegro.exe.intermediate.manifest"
       FinalizeBuildStatus:
         Deleting file "Release\Trying Allegro.unsuccessfulbuild".
         Touching "Release\Trying Allegro.lastbuildstate".
     1>Done Building Project "C:\Users\Mike\Documents\Visual Studio 2010\Projects\Trying Allegro 2\Trying Allegro\Trying Allegro.vcxproj" (build target(s)).

Build succeeded.

Time Elapsed 00:00:00.77
